#
# There is insufficient memory for the Java Runtime Environment to continue.
# Native memory allocation (mmap) failed to map 12288 bytes for committing reserved memory.
# Possible reasons:
#   The system is out of physical RAM or swap space
#   In 32 bit mode, the process size limit was hit
# Possible solutions:
#   Reduce memory load on the system
#   Increase physical memory or swap space
#   Check if swap backing store is full
#   Use 64 bit Java on a 64 bit OS
#   Decrease Java heap size (-Xmx/-Xms)
#   Decrease number of Java threads
#   Decrease Java thread stack sizes (-Xss)
#   Set larger code cache with -XX:ReservedCodeCacheSize=
# This output file may be truncated or incomplete.
#
#  Out of Memory Error (os_linux.cpp:2627), pid=459, tid=1562571888
#
# JRE version: Java(TM) SE Runtime Environment (8.0_65-b17) (build 1.8.0_65-b17)
# Java VM: Java HotSpot(TM) Client VM (25.65-b01 mixed mode linux-arm )
# Failed to write core dump. Core dumps have been disabled. To enable core dumping, try "ulimit -c unlimited" before starting Java again
#

---------------  T H R E A D  ---------------

Current thread (0x64d16000):  JavaThread "upnp-async-2016" [_thread_new, id=6277, stack(0x5d1e0000,0x5d230000)]

Stack: [0x5d1e0000,0x5d230000]

---------------  P R O C E S S  ---------------

Java Threads: ( => current thread )
  0x61122800 JavaThread "ESH-persist-1521" daemon [_thread_blocked, id=6281, stack(0x5db10000,0x5db60000)]
  0x5f936c00 JavaThread "Thread-69805" daemon [_thread_blocked, id=6280, stack(0x5d660000,0x5d6b0000)]
=>0x64d16000 JavaThread "upnp-async-2016" [_thread_new, id=6277, stack(0x5d1e0000,0x5d230000)]
  0x6155ac00 JavaThread "presenceDetectionICMP_192.168.0.200" [_thread_in_vm, id=6275, stack(0x5d460000,0x5d4b0000)]
  0x62c9ac00 JavaThread "presenceDetectionICMP_192.168.0.252" [_thread_in_vm, id=6274, stack(0x6005b000,0x600ab000)]
  0x5aff0000 JavaThread "presenceDetectionICMP_192.168.0.151" [_thread_in_vm, id=6273, stack(0x5fa2d000,0x5fa7d000)]
  0x62ccbc00 JavaThread "ESH-RuleEngine-1346" daemon [_thread_in_vm, id=6272, stack(0x5ceb0000,0x5cf00000)]
  0x5f931000 JavaThread "Timer-23263" daemon [_thread_blocked, id=6271, stack(0x604b0000,0x60500000)]
  0x00503000 JavaThread "pool-20845-thread-1" [_thread_blocked, id=6270, stack(0x5d280000,0x5d2d0000)]
  0x5f9cf400 JavaThread "items-1893" [_thread_blocked, id=6267, stack(0x5b7f0000,0x5b840000)]
  0x5f96ec00 JavaThread "EventThread" daemon [_thread_in_vm, id=6266, stack(0x5c6b0000,0x5c700000)]
  0x5e19b800 JavaThread "process reaper" daemon [_thread_in_native, id=6265, stack(0x60044000,0x6005b000)]
  0x63ec9800 JavaThread "safeCall-612" [_thread_blocked, id=6264, stack(0x5b7a0000,0x5b7f0000)]
  0x6112b400 JavaThread "ESH-persist-1520" daemon [_thread_blocked, id=6263, stack(0x5d7a0000,0x5d7f0000)]
  0x64c09400 JavaThread "items-1892" [_thread_blocked, id=6259, stack(0x5d890000,0x5d8e0000)]
  0x623f5800 JavaThread "ESH-discovery-2123" daemon [_thread_blocked, id=6257, stack(0x60b60000,0x60bb0000)]
  0x64d2bc00 JavaThread "upnp-async-2015" [_thread_blocked, id=6256, stack(0x5ae10000,0x5ae60000)]
  0x5c753c00 JavaThread "presenceDetectionTCP_192.168.0.1 80" [_thread_blocked, id=6255, stack(0x5d140000,0x5d190000)]
  0x62c5b400 JavaThread "Timer-23262" daemon [_thread_blocked, id=6254, stack(0x5a9b0000,0x5aa00000)]
  0x6112ec00 JavaThread "presenceDetectionICMP_192.168.0.100" [_thread_in_vm, id=6253, stack(0x5b520000,0x5b570000)]
  0x004bd000 JavaThread "presenceDetectionICMP_192.168.0.1" [_thread_in_vm, id=6251, stack(0x61930000,0x61980000)]
  0x004a5000 JavaThread "pool-20840-thread-1" [_thread_blocked, id=6245, stack(0x5b840000,0x5b890000)]
  0x761a1800 JavaThread "safeCall-611" [_thread_blocked, id=6244, stack(0x5d370000,0x5d3c0000)]
  0x62c84000 JavaThread "presenceDetectionICMP_192.168.0.155" [_thread_blocked, id=6241, stack(0x5f8b0000,0x5f900000)]
  0x00481800 JavaThread "Thread-69800" daemon [_thread_blocked, id=6238, stack(0x5c660000,0x5c6b0000)]
  0x5ff40c00 JavaThread "MQTT Ping: openhab" daemon [_thread_blocked, id=6222, stack(0x5bd10000,0x5bd60000)]
  0x5ab8ec00 JavaThread "MQTT Call: openhab" daemon [_thread_blocked, id=6221, stack(0x5b570000,0x5b5c0000)]
  0x5ab8e400 JavaThread "MQTT Snd: openhab" daemon [_thread_blocked, id=6220, stack(0x5d6b0000,0x5d700000)]
  0x5ab8dc00 JavaThread "MQTT Rec: openhab" daemon [_thread_in_vm, id=6219, stack(0x5b610000,0x5b660000)]
  0x61138000 JavaThread "ESH-persist-1518" daemon [_thread_blocked, id=6124, stack(0x5c610000,0x5c660000)]
  0x6113f400 JavaThread "OkHttp ConnectionPool" daemon [_thread_blocked, id=6065, stack(0x5d4b0000,0x5d500000)]
  0x5f428800 JavaThread "qtp25456514-101628" [_thread_blocked, id=6063, stack(0x5d190000,0x5d1e0000)]
  0x004d5400 JavaThread "qtp25456514-101624" [_thread_blocked, id=6052, stack(0x63ad0000,0x63b20000)]
  0x5f9ce000 JavaThread "qtp25456514-101616" [_thread_in_native, id=6047, stack(0x5d3c0000,0x5d410000)]
  0x5ab3fc00 JavaThread "qtp25456514-101613" [_thread_in_native, id=6038, stack(0x60460000,0x604b0000)]
  0x6113fc00 JavaThread "ESH-persist-1516" daemon [_thread_in_vm, id=6037, stack(0x5dac0000,0x5db10000)]
  0x004af800 JavaThread "qtp25456514-101607" [_thread_blocked, id=6030, stack(0x5d2d0000,0x5d320000)]
  0x00490c00 JavaThread "qtp25456514-101597" [_thread_blocked, id=6019, stack(0x619d0000,0x61a20000)]
  0x6101ec00 JavaThread "qtp25456514-101594" [_thread_blocked, id=6009, stack(0x61890000,0x618e0000)]
  0x61564c00 JavaThread "ESH-persist-1514" daemon [_thread_blocked, id=5901, stack(0x5b6b0000,0x5b700000)]
  0x00494400 JavaThread "ESH-discovery-2095" daemon [_thread_blocked, id=4967, stack(0x5fd54000,0x5fda4000)]
  0x5ab3c000 JavaThread "qtp25456514-94235" [_thread_blocked, id=28981, stack(0x616a0000,0x616f0000)]
  0x64d1d000 JavaThread "qtp25456514-92504" [_thread_blocked, id=26671, stack(0x5cf50000,0x5cfa0000)]
  0x64d32c00 JavaThread "ESH-astro-8" daemon [_thread_blocked, id=26340, stack(0x60410000,0x60460000)]
  0x64d37c00 JavaThread "RRD4J Store Pool-3" daemon [_thread_blocked, id=2320, stack(0x5b5c0000,0x5b610000)]
  0x5c75d400 JavaThread "RRD4J Store Pool-2" daemon [_thread_blocked, id=2319, stack(0x5b3e0000,0x5b430000)]
  0x64d33800 JavaThread "RRD4J Store Pool-1" daemon [_thread_blocked, id=2318, stack(0x5b4d0000,0x5b520000)]
  0x605f8800 JavaThread "RRD4J Sync Pool [Thread-6]" daemon [_thread_blocked, id=2300, stack(0x5a570000,0x5a5c0000)]
  0x5c75ac00 JavaThread "RRD4J Sync Pool [Thread-5]" daemon [_thread_blocked, id=2299, stack(0x5a5c0000,0x5a610000)]
  0x5ff0c400 JavaThread "RRD4J Sync Pool [Thread-4]" daemon [_thread_blocked, id=2298, stack(0x5a610000,0x5a660000)]
  0x62c9a000 JavaThread "RRD4J Sync Pool [Thread-3]" daemon [_thread_blocked, id=2297, stack(0x5a660000,0x5a6b0000)]
  0x5f932000 JavaThread "RRD4J Sync Pool [Thread-2]" daemon [_thread_blocked, id=2296, stack(0x5ac70000,0x5acc0000)]
  0x605f6c00 JavaThread "RRD4J Sync Pool [Thread-1]" daemon [_thread_blocked, id=2295, stack(0x5a910000,0x5a960000)]
  0x63ee8400 JavaThread "Thread-186" daemon [_thread_in_native, id=2293, stack(0x5a6b0000,0x5a700000)]
  0x5a821800 JavaThread "org.ops4j.pax.web.service.jetty.internal.LateInvalidatingHashSessionManager@1b56915Timer" daemon [_thread_blocked, id=2267, stack(0x5ae60000,0x5aeb0000)]
  0x5aff7000 JavaThread "org.ops4j.pax.web.service.jetty.internal.LateInvalidatingHashSessionManager@1744bf5Timer" daemon [_thread_blocked, id=2266, stack(0x5b750000,0x5b7a0000)]
  0x5a802800 JavaThread "org.ops4j.pax.web.service.jetty.internal.LateInvalidatingHashSessionManager@d56da3Timer" daemon [_thread_blocked, id=2265, stack(0x5b480000,0x5b4d0000)]
  0x5dfd4c00 JavaThread "org.ops4j.pax.web.service.jetty.internal.LateInvalidatingHashSessionManager@f8e49Timer" daemon [_thread_blocked, id=2264, stack(0x5e8c0000,0x5e910000)]
  0x5bc14c00 JavaThread "ESH-persist-Monitor-1" daemon [_thread_in_vm, id=2258, stack(0x5bbb0000,0x5bc00000)]
  0x5dfec400 JavaThread "pool-58-thread-1" [_thread_in_native, id=2250, stack(0x5ac20000,0x5ac70000)]
  0x5af57000 JavaThread "HTTP Refresh Service" daemon [_thread_blocked, id=2237, stack(0x5b010000,0x5b060000)]
  0x5af31800 JavaThread "org.ops4j.pax.web.service.jetty.internal.LateInvalidatingHashSessionManager@7d0f84Timer" daemon [_thread_blocked, id=2236, stack(0x5b060000,0x5b0b0000)]
  0x620b8000 JavaThread "org.ops4j.pax.web.service.jetty.internal.LateInvalidatingHashSessionManager@183732dTimer" daemon [_thread_blocked, id=2235, stack(0x5b0b0000,0x5b100000)]
  0x5bcf1400 JavaThread "org.ops4j.pax.web.service.jetty.internal.LateInvalidatingHashSessionManager@1ced0d0Timer" daemon [_thread_blocked, id=2234, stack(0x5b100000,0x5b150000)]
  0x5bceec00 JavaThread "org.ops4j.pax.web.service.jetty.internal.LateInvalidatingHashSessionManager@169c3f7Timer" daemon [_thread_blocked, id=2233, stack(0x5b150000,0x5b1a0000)]
  0x5bcef400 JavaThread "org.ops4j.pax.web.service.jetty.internal.LateInvalidatingHashSessionManager@5b071dTimer" daemon [_thread_blocked, id=2232, stack(0x5b1a0000,0x5b1f0000)]
  0x63795400 JavaThread "HttpClient@11043040-scheduler" [_thread_blocked, id=2226, stack(0x5b430000,0x5b480000)]
  0x5bc2dc00 JavaThread "HttpClient@11043040-313" [_thread_in_native, id=2207, stack(0x5b8e0000,0x5b930000)]
  0x5bc2c400 JavaThread "HttpClient@11043040-312" [_thread_blocked, id=2206, stack(0x5b930000,0x5b980000)]
  0x5bc2b000 JavaThread "HttpClient@11043040-311" [_thread_in_native, id=2205, stack(0x5b980000,0x5b9d0000)]
  0x5bc29800 JavaThread "HttpClient@11043040-310" [_thread_blocked, id=2204, stack(0x5b9d0000,0x5ba20000)]
  0x5bc28000 JavaThread "HttpClient@11043040-309" [_thread_blocked, id=2203, stack(0x5ba20000,0x5ba70000)]
  0x5bc23000 JavaThread "HttpClient@11043040-308" [_thread_blocked, id=2202, stack(0x5ba70000,0x5bac0000)]
  0x5bc21c00 JavaThread "HttpClient@11043040-307" [_thread_blocked, id=2201, stack(0x5bac0000,0x5bb10000)]
  0x5bc24c00 JavaThread "HttpClient@11043040-306" [_thread_blocked, id=2200, stack(0x5bb10000,0x5bb60000)]
  0x5bc20000 JavaThread "upnp-main-4" [_thread_in_native, id=2199, stack(0x5bb60000,0x5bbb0000)]
  0x5ee14c00 JavaThread "org.ops4j.pax.web.service.jetty.internal.LateInvalidatingHashSessionManager@3c56dcTimer" daemon [_thread_blocked, id=2197, stack(0x5cb90000,0x5cbe0000)]
  0x5bc10c00 JavaThread "upnp-main-2" [_thread_blocked, id=2196, stack(0x5cb40000,0x5cb90000)]
  0x5bc07800 JavaThread "upnp-main-1" [_thread_blocked, id=2195, stack(0x5d0f0000,0x5d140000)]
  0x004a9800 JavaThread "HttpClient@29745885-scheduler" [_thread_blocked, id=2190, stack(0x5d0a0000,0x5d0f0000)]
  0x5f996c00 JavaThread "HttpClient@29745885-295" [_thread_in_native, id=2189, stack(0x5beb0000,0x5bf00000)]
  0x5f995800 JavaThread "HttpClient@29745885-294" [_thread_blocked, id=2188, stack(0x5bf00000,0x5bf50000)]
  0x64cb6400 JavaThread "HttpClient@29745885-293" [_thread_in_native, id=2187, stack(0x5bf50000,0x5bfa0000)]
  0x64cb5000 JavaThread "HttpClient@29745885-292" [_thread_blocked, id=2186, stack(0x5bfa0000,0x5bff0000)]
  0x64cb3c00 JavaThread "HttpClient@29745885-291" [_thread_blocked, id=2185, stack(0x5bff0000,0x5c040000)]
  0x64cab000 JavaThread "HttpClient@29745885-290" [_thread_blocked, id=2184, stack(0x5c040000,0x5c090000)]
  0x5f992c00 JavaThread "HttpClient@29745885-289" [_thread_blocked, id=2183, stack(0x5c090000,0x5c0e0000)]
  0x64c96c00 JavaThread "HttpClient@29745885-288" [_thread_blocked, id=2182, stack(0x5c0e0000,0x5c130000)]
  0x5dfaf400 JavaThread "org.ops4j.pax.web.service.jetty.internal.LateInvalidatingHashSessionManager@11f3b2aTimer" daemon [_thread_blocked, id=2180, stack(0x5c410000,0x5c460000)]
  0x5e1ce400 JavaThread "ServletModel-21-285" [_thread_blocked, id=2179, stack(0x5c1e0000,0x5c230000)]
  0x5e1ccc00 JavaThread "ServletModel-21-284" [_thread_blocked, id=2178, stack(0x5c230000,0x5c280000)]
  0x5e1cb400 JavaThread "ServletModel-21-283" [_thread_blocked, id=2177, stack(0x5c280000,0x5c2d0000)]
  0x5e1ca000 JavaThread "ServletModel-21-282" [_thread_blocked, id=2176, stack(0x5c2d0000,0x5c320000)]
  0x5e1c8800 JavaThread "ServletModel-21-281" [_thread_blocked, id=2175, stack(0x5c320000,0x5c370000)]
  0x5e1c7800 JavaThread "ServletModel-21-280" [_thread_blocked, id=2174, stack(0x5c370000,0x5c3c0000)]
  0x5e1c6000 JavaThread "ServletModel-21-279" [_thread_in_native, id=2173, stack(0x5c3c0000,0x5c410000)]
  0x5e1c5400 JavaThread "ServletModel-21-278" [_thread_in_native, id=2172, stack(0x5d750000,0x5d7a0000)]
  0x60c9ac00 JavaThread "org.ops4j.pax.web.service.jetty.internal.LateInvalidatingHashSessionManager@e593ecTimer" daemon [_thread_blocked, id=2169, stack(0x5c460000,0x5c4b0000)]
  0x62fc7000 JavaThread "Timer-27" daemon [_thread_blocked, id=2166, stack(0x5c820000,0x5c870000)]
  0x64ef3000 JavaThread "WebSocketClient@29700490-scheduler" [_thread_blocked, id=2142, stack(0x5c870000,0x5c8c0000)]
  0x64ddfc00 JavaThread "WebSocketClient@29700490-260" [_thread_blocked, id=2141, stack(0x5c8c0000,0x5c910000)]
  0x64dde400 JavaThread "WebSocketClient@29700490-259" [_thread_blocked, id=2140, stack(0x5c910000,0x5c960000)]
  0x64ddd000 JavaThread "WebSocketClient@29700490-258" [_thread_blocked, id=2139, stack(0x5c960000,0x5c9b0000)]
  0x64ddb800 JavaThread "WebSocketClient@29700490-257" [_thread_blocked, id=2138, stack(0x5c9b0000,0x5ca00000)]
  0x64dda000 JavaThread "WebSocketClient@29700490-256" [_thread_in_native, id=2137, stack(0x5ca00000,0x5ca50000)]
  0x64dd8c00 JavaThread "WebSocketClient@29700490-255" [_thread_blocked, id=2136, stack(0x5ca50000,0x5caa0000)]
  0x64dd7000 JavaThread "WebSocketClient@29700490-254" [_thread_blocked, id=2135, stack(0x5caa0000,0x5caf0000)]
  0x64dd6800 JavaThread "WebSocketClient@29700490-253" [_thread_in_native, id=2134, stack(0x5caf0000,0x5cb40000)]
  0x64dd4800 JavaThread "WebSocketClient@9618480-scheduler" [_thread_blocked, id=2116, stack(0x5cbe0000,0x5cc30000)]
  0x64d8c800 JavaThread "WebSocketClient@9618480-243" [_thread_blocked, id=2115, stack(0x5cc30000,0x5cc80000)]
  0x64d8b000 JavaThread "WebSocketClient@9618480-242" [_thread_in_native, id=2114, stack(0x5cc80000,0x5ccd0000)]
  0x64d89800 JavaThread "WebSocketClient@9618480-241" [_thread_blocked, id=2113, stack(0x5ccd0000,0x5cd20000)]
  0x64d88400 JavaThread "WebSocketClient@9618480-240" [_thread_blocked, id=2112, stack(0x5cd20000,0x5cd70000)]
  0x64d86c00 JavaThread "WebSocketClient@9618480-239" [_thread_blocked, id=2111, stack(0x5cd70000,0x5cdc0000)]
  0x64d84c00 JavaThread "WebSocketClient@9618480-238" [_thread_blocked, id=2110, stack(0x5cdc0000,0x5ce10000)]
  0x64d82400 JavaThread "WebSocketClient@9618480-237" [_thread_in_native, id=2109, stack(0x5ce10000,0x5ce60000)]
  0x64d81c00 JavaThread "WebSocketClient@9618480-236" [_thread_blocked, id=2108, stack(0x5dbb0000,0x5dc00000)]
  0x5f903800 JavaThread "Thread-104" [_thread_in_native, id=2043, stack(0x5d700000,0x5d750000)]
  0x5e173800 JavaThread "Timer-24" daemon [_thread_in_vm, id=2028, stack(0x5d7f0000,0x5d840000)]
  0x5e172000 JavaThread "ESH-thingHandler-5" daemon [_thread_in_vm, id=2025, stack(0x5d8e0000,0x5d930000)]
  0x5e170800 JavaThread "ESH-thingHandler-4" daemon [_thread_in_vm, id=2024, stack(0x5d930000,0x5d980000)]
  0x5e16b800 JavaThread "ESH-thingHandler-3" daemon [_thread_blocked, id=2023, stack(0x5d980000,0x5d9d0000)]
  0x5e16a000 JavaThread "ESH-thingHandler-2" daemon [_thread_blocked, id=2022, stack(0x5d9d0000,0x5da20000)]
  0x5e16d400 JavaThread "ESH-thingHandler-1" daemon [_thread_blocked, id=2021, stack(0x5da20000,0x5da70000)]
  0x5e15f800 JavaThread "ESH-astro-Monitor-1" daemon [_thread_blocked, id=2017, stack(0x5db60000,0x5dbb0000)]
  0x5e14d000 JavaThread "Timer-23" daemon [_thread_blocked, id=2015, stack(0x5e218000,0x5e268000)]
  0x5e14c000 JavaThread "Timer-22" daemon [_thread_blocked, id=2014, stack(0x5e268000,0x5e2b8000)]
  0x5e141000 JavaThread "Timer-21" daemon [_thread_blocked, id=2013, stack(0x5e820000,0x5e870000)]
  0x5e579800 JavaThread "lsp-1" [_thread_in_native, id=2012, stack(0x5f810000,0x5f860000)]
  0x5f407000 JavaThread "pool-33-thread-1" [_thread_blocked, id=1715, stack(0x5e910000,0x5e960000)]
  0x5f406800 JavaThread "pool-32-thread-1" [_thread_blocked, id=1714, stack(0x5f260000,0x5f2b0000)]
  0x004a4800 JavaThread "pool-27-thread-1" [_thread_blocked, id=1655, stack(0x5f070000,0x5f0c0000)]
  0x00499800 JavaThread "pool-25-thread-1" [_thread_in_vm, id=1654, stack(0x5f020000,0x5f070000)]
  0x5f4fe000 JavaThread "com.google.inject.internal.util.$Finalizer" daemon [_thread_blocked, id=1593, stack(0x5f0c0000,0x5f110000)]
  0x5f412c00 JavaThread "JmDNS(JmDNS-IP-1).State.Timer" [_thread_blocked, id=1559, stack(0x5f2b0000,0x5f300000)]
  0x5f411400 JavaThread "JmDNS(JmDNS-IP-1).Timer" daemon [_thread_blocked, id=1558, stack(0x5f523000,0x5f573000)]
  0x5f40e000 JavaThread "SocketListener(JmDNS-IP-1)" daemon [_thread_in_vm, id=1557, stack(0x5f7c0000,0x5f810000)]
  0x60cb9400 JavaThread "pool-26-thread-1" [_thread_blocked, id=1556, stack(0x607f3000,0x60843000)]
  0x612d3000 JavaThread "EMF Reference Cleaner" daemon [_thread_blocked, id=1485, stack(0x5f860000,0x5f8b0000)]
  0x63472000 JavaThread "openHAB-job-scheduler_QuartzSchedulerThread" [_thread_blocked, id=1458, stack(0x5fc87000,0x5fcd7000)]
  0x63469c00 JavaThread "openHAB-job-scheduler_Worker-2" [_thread_blocked, id=1457, stack(0x5fcd7000,0x5fd27000)]
  0x63469400 JavaThread "openHAB-job-scheduler_Worker-1" [_thread_blocked, id=1456, stack(0x60220000,0x60270000)]
  0x64955800 JavaThread "ResourcePublisher" daemon [_thread_blocked, id=1447, stack(0x5fdc1000,0x5fe11000)]
  0x60c75400 JavaThread "org.ops4j.pax.web.service.jetty.internal.LateInvalidatingHashSessionManager@1735bfeTimer" daemon [_thread_blocked, id=1446, stack(0x60843000,0x60893000)]
  0x649cb800 JavaThread "org.ops4j.pax.web.service.jetty.internal.LateInvalidatingHashSessionManager@83d1adTimer" daemon [_thread_blocked, id=1441, stack(0x603c0000,0x60410000)]
  0x62b87c00 JavaThread "ESH-OSGiEventManager" daemon [_thread_blocked, id=1439, stack(0x60270000,0x602c0000)]
  0x60c76400 JavaThread "pool-24-thread-1" [_thread_blocked, id=1415, stack(0x6078e000,0x607de000)]
  0x62876000 JavaThread "Dir Watcher" daemon [_thread_blocked, id=1332, stack(0x60993000,0x609e3000)]
  0x6264ac00 JavaThread "Thread-33" daemon [_thread_in_native, id=1331, stack(0x609e3000,0x60a33000)]
  0x60c8c800 JavaThread "org.ops4j.pax.web.service.jetty.internal.LateInvalidatingHashSessionManager@46f15aTimer" daemon [_thread_blocked, id=1295, stack(0x60bb0000,0x60c00000)]
  0x6121d400 JavaThread "Thread-32" daemon [_thread_blocked, id=889, stack(0x63b20000,0x63b70000)]
  0x64e6cc00 JavaThread "Scheduler-31651331" [_thread_blocked, id=817, stack(0x61650000,0x616a0000)]
  0x634f8400 JavaThread "Timer-0" daemon [_thread_blocked, id=814, stack(0x617f0000,0x61840000)]
  0x6299cc00 JavaThread "org.ops4j.pax.web.service.jetty.internal.LateInvalidatingHashSessionManager@2bcd05Timer" daemon [_thread_blocked, id=813, stack(0x61840000,0x61890000)]
  0x641c8000 JavaThread "qtp25456514-65-acceptor-0@14b12c3-default@1748bb2{HTTP/1.1,[http/1.1]}{0.0.0.0:8080}" [_thread_in_native, id=811, stack(0x618e0000,0x61930000)]
  0x64d23c00 JavaThread "qtp25456514-62-acceptor-0@b43212-0.0.0.0:8443@8bba9c{SSL,[ssl, http/1.1]}{0.0.0.0:8443}" [_thread_in_native, id=808, stack(0x61980000,0x619d0000)]
  0x6297f400 JavaThread "org.ops4j.pax.web.service.jetty.internal.LateInvalidatingHashSessionManager@1247225Timer" daemon [_thread_blocked, id=794, stack(0x61b20000,0x61b70000)]
  0x62977000 JavaThread "qtp25456514-59" [_thread_in_native, id=793, stack(0x61b70000,0x61bc0000)]
  0x62976400 JavaThread "qtp25456514-58" [_thread_in_native, id=792, stack(0x61bc0000,0x61c10000)]
  0x6282d400 JavaThread "ServletEventDispatcher: 3" daemon [_thread_blocked, id=791, stack(0x61c10000,0x61c60000)]
  0x6282c400 JavaThread "ServletEventDispatcher: 2" daemon [_thread_blocked, id=790, stack(0x61c60000,0x61cb0000)]
  0x6282c000 JavaThread "ServletEventDispatcher: 1" daemon [_thread_blocked, id=789, stack(0x62510000,0x62560000)]
  0x62324000 JavaThread "sshd-SshServer[1260c31]-timer-thread-1" daemon [_thread_blocked, id=786, stack(0x61eb0000,0x61f00000)]
  0x62322000 JavaThread "Thread-20" daemon [_thread_in_native, id=785, stack(0x62560000,0x625b0000)]
  0x64c08000 JavaThread "Thread-18" daemon [_thread_in_native, id=778, stack(0x625b0000,0x62600000)]
  0x62627800 JavaThread "pool-12-thread-1" [_thread_blocked, id=777, stack(0x63a30000,0x63a80000)]
  0x62c18400 JavaThread "Thread-16" daemon [_thread_in_native, id=774, stack(0x63940000,0x63990000)]
  0x64576000 JavaThread "pool-10-thread-1" [_thread_blocked, id=773, stack(0x63b70000,0x63bc0000)]
  0x63eab000 JavaThread "Bundle File Closer" daemon [_thread_blocked, id=759, stack(0x63990000,0x639e0000)]
  0x62c12000 JavaThread "fileinstall-/usr/share/openhab2/addons" daemon [_thread_in_vm, id=745, stack(0x638f0000,0x63940000)]
  0x62c11c00 JavaThread "Thread-15" daemon [_thread_in_native, id=744, stack(0x63a80000,0x63ad0000)]
  0x62fa3400 JavaThread "SCR Component Actor" daemon [_thread_blocked, id=742, stack(0x63850000,0x638a0000)]
  0x63e6c400 JavaThread "Thread-14" daemon [_thread_blocked, id=738, stack(0x638a0000,0x638f0000)]
  0x6379c800 JavaThread "Thread-13" daemon [_thread_blocked, id=737, stack(0x63210000,0x63260000)]
  0x64928800 JavaThread "fileinstall-/var/lib/openhab2/etc" daemon [_thread_blocked, id=736, stack(0x639e0000,0x63a30000)]
  0x634a7800 JavaThread "Thread-11" daemon [_thread_in_native, id=734, stack(0x63260000,0x632b0000)]
  0x6348b400 JavaThread "CM Event Dispatcher" daemon [_thread_blocked, id=733, stack(0x633b0000,0x63400000)]
  0x6348a000 JavaThread "CM Configuration Updater" daemon [_thread_blocked, id=732, stack(0x63800000,0x63850000)]
  0x64d03400 JavaThread "Karaf Shutdown Socket Thread" daemon [_thread_in_native, id=709, stack(0x63bc0000,0x63c10000)]
  0x63e69000 JavaThread "Karaf Lock Monitor Thread" [_thread_in_vm, id=708, stack(0x63d10000,0x63d60000)]
  0x7618ec00 JavaThread "Start Level: Equinox Container: 7d0699de-644a-472d-a4ab-6ea561d7fde0" daemon [_thread_blocked, id=707, stack(0x63d60000,0x63db0000)]
  0x7619a000 JavaThread "Framework Event Dispatcher: org.eclipse.osgi.internal.framework.EquinoxEventPublisher@16c0aa" daemon [_thread_blocked, id=706, stack(0x63db0000,0x63e00000)]
  0x641e4400 JavaThread "Active Thread: Equinox Container: 7d0699de-644a-472d-a4ab-6ea561d7fde0" [_thread_blocked, id=704, stack(0x64630000,0x64680000)]
  0x76184800 JavaThread "Service Thread" daemon [_thread_blocked, id=697, stack(0x64830000,0x64880000)]
  0x76181400 JavaThread "C1 CompilerThread0" daemon [_thread_blocked, id=696, stack(0x64880000,0x64900000)]
  0x7617fc00 JavaThread "Signal Dispatcher" daemon [_thread_blocked, id=695, stack(0x64a15000,0x64a65000)]
  0x76163c00 JavaThread "Finalizer" daemon [_thread_blocked, id=694, stack(0x64f4f000,0x64f9f000)]
  0x76162400 JavaThread "Reference Handler" daemon [_thread_blocked, id=693, stack(0x64f9f000,0x64fef000)]
  0x76108c00 JavaThread "main" [_thread_blocked, id=691, stack(0x76295000,0x762e5000)]

Other Threads:
  0x7615f400 VMThread [stack: 0x64fef000,0x6506f000] [id=692]
  0x76186c00 WatcherThread [stack: 0x64680000,0x64700000] [id=698]

VM state:synchronizing (normal execution)

VM Mutex/Monitor currently owned by a thread:  ([mutex/lock_event])
[0x761061b8] Safepoint_lock - owner thread: 0x7615f400
[0x76106220] Threads_lock - owner thread: 0x7615f400

Heap:
 def new generation   total 71296K, used 64486K [0x65800000, 0x6a540000, 0x6a540000)
  eden space 63488K,  98% used [0x65800000, 0x695096c8, 0x69600000)
  from space 7808K,  25% used [0x69600000, 0x697f04c0, 0x69da0000)
  to   space 7808K,   0% used [0x69da0000, 0x69da0000, 0x6a540000)
 tenured generation   total 158464K, used 143223K [0x6a540000, 0x74000000, 0x74000000)
   the space 158464K,  90% used [0x6a540000, 0x7311ddd0, 0x7311de00, 0x74000000)
 Metaspace       used 51889K, capacity 55668K, committed 55960K, reserved 56624K

Card table byte_map: [0x6578b000,0x65800000] byte_map_base: 0x6545f000

Polling page: 0x76f45000

CodeCache: size=32768Kb used=3807Kb max_used=6687Kb free=28960Kb
 bounds [0x7409d000, 0x7473d000, 0x7609d000]
 total_blobs=1991 nmethods=1724 adapters=196
 compilation: enabled

Compilation events (10 events):
Event: 61223.827 Thread 0x76181400 nmethod 235893 0x744c1708 code [0x744c17f0, 0x744c18b8]
Event: 61223.832 Thread 0x76181400 235894             java.util.Hashtable$Enumerator::hasNext (5 bytes)
Event: 61223.832 Thread 0x76181400 nmethod 235894 0x7418ba08 code [0x7418baf0, 0x7418bb84]
Event: 61223.842 Thread 0x76181400 235895             java.util.LinkedList$ListItr::checkForComodification (23 bytes)
Event: 61223.843 Thread 0x76181400 nmethod 235895 0x742192c8 code [0x742193c0, 0x742194e4]
Event: 61223.866 Thread 0x76181400 235896   !         java.net.AbstractPlainSocketImpl::isConnectionReset (31 bytes)
Event: 61223.867 Thread 0x76181400 nmethod 235896 0x741b5a88 code [0x741b5b70, 0x741b5e18]
Event: 61223.878 Thread 0x76181400 235897             java.util.LinkedList$ListItr::next (56 bytes)
Event: 61223.890 Thread 0x76181400 nmethod 235897 0x741a5288 code [0x741a5390, 0x741a5590]
Event: 61231.236 Thread 0x76181400 235898             java.net.URI$Parser::scan (50 bytes)

GC Heap History (10 events):
Event: 60391.549 GC heap before
{Heap before GC invocations=1264 (full 15):
 def new generation   total 71296K, used 67488K [0x65800000, 0x6a540000, 0x6a540000)
  eden space 63488K,  99% used [0x65800000, 0x695ffff0, 0x69600000)
  from space 7808K,  51% used [0x69da0000, 0x6a188330, 0x6a540000)
  to   space 7808K,   0% used [0x69600000, 0x69600000, 0x69da0000)
 tenured generation   total 158464K, used 142801K [0x6a540000, 0x74000000, 0x74000000)
   the space 158464K,  90% used [0x6a540000, 0x730b4570, 0x730b4600, 0x74000000)
 Metaspace       used 51853K, capacity 55623K, committed 55960K, reserved 56624K
Event: 60391.586 GC heap after
Heap after GC invocations=1265 (full 15):
 def new generation   total 71296K, used 3893K [0x65800000, 0x6a540000, 0x6a540000)
  eden space 63488K,   0% used [0x65800000, 0x65800000, 0x69600000)
  from space 7808K,  49% used [0x69600000, 0x699cd5a0, 0x69da0000)
  to   space 7808K,   0% used [0x69da0000, 0x69da0000, 0x6a540000)
 tenured generation   total 158464K, used 142919K [0x6a540000, 0x74000000, 0x74000000)
   the space 158464K,  90% used [0x6a540000, 0x730d1df0, 0x730d1e00, 0x74000000)
 Metaspace       used 51853K, capacity 55623K, committed 55960K, reserved 56624K
}
Event: 60476.871 GC heap before
{Heap before GC invocations=1265 (full 15):
 def new generation   total 71296K, used 67381K [0x65800000, 0x6a540000, 0x6a540000)
  eden space 63488K, 100% used [0x65800000, 0x69600000, 0x69600000)
  from space 7808K,  49% used [0x69600000, 0x699cd5a0, 0x69da0000)
  to   space 7808K,   0% used [0x69da0000, 0x69da0000, 0x6a540000)
 tenured generation   total 158464K, used 142919K [0x6a540000, 0x74000000, 0x74000000)
   the space 158464K,  90% used [0x6a540000, 0x730d1df0, 0x730d1e00, 0x74000000)
 Metaspace       used 51853K, capacity 55623K, committed 55960K, reserved 56624K
Event: 60476.905 GC heap after
Heap after GC invocations=1266 (full 15):
 def new generation   total 71296K, used 3402K [0x65800000, 0x6a540000, 0x6a540000)
  eden space 63488K,   0% used [0x65800000, 0x65800000, 0x69600000)
  from space 7808K,  43% used [0x69da0000, 0x6a0f2a58, 0x6a540000)
  to   space 7808K,   0% used [0x69600000, 0x69600000, 0x69da0000)
 tenured generation   total 158464K, used 142919K [0x6a540000, 0x74000000, 0x74000000)
   the space 158464K,  90% used [0x6a540000, 0x730d1df0, 0x730d1e00, 0x74000000)
 Metaspace       used 51853K, capacity 55623K, committed 55960K, reserved 56624K
}
Event: 60585.296 GC heap before
{Heap before GC invocations=1266 (full 15):
 def new generation   total 71296K, used 66888K [0x65800000, 0x6a540000, 0x6a540000)
  eden space 63488K,  99% used [0x65800000, 0x695ff6d0, 0x69600000)
  from space 7808K,  43% used [0x69da0000, 0x6a0f2a58, 0x6a540000)
  to   space 7808K,   0% used [0x69600000, 0x69600000, 0x69da0000)
 tenured generation   total 158464K, used 142919K [0x6a540000, 0x74000000, 0x74000000)
   the space 158464K,  90% used [0x6a540000, 0x730d1df0, 0x730d1e00, 0x74000000)
 Metaspace       used 51853K, capacity 55623K, committed 55960K, reserved 56624K
Event: 60585.337 GC heap after
Heap after GC invocations=1267 (full 15):
 def new generation   total 71296K, used 4193K [0x65800000, 0x6a540000, 0x6a540000)
  eden space 63488K,   0% used [0x65800000, 0x65800000, 0x69600000)
  from space 7808K,  53% used [0x69600000, 0x69a18470, 0x69da0000)
  to   space 7808K,   0% used [0x69da0000, 0x69da0000, 0x6a540000)
 tenured generation   total 158464K, used 142919K [0x6a540000, 0x74000000, 0x74000000)
   the space 158464K,  90% used [0x6a540000, 0x730d1df0, 0x730d1e00, 0x74000000)
 Metaspace       used 51853K, capacity 55623K, committed 55960K, reserved 56624K
}
Event: 61207.438 GC heap before
{Heap before GC invocations=1267 (full 15):
 def new generation   total 71296K, used 67681K [0x65800000, 0x6a540000, 0x6a540000)
  eden space 63488K, 100% used [0x65800000, 0x69600000, 0x69600000)
  from space 7808K,  53% used [0x69600000, 0x69a18470, 0x69da0000)
  to   space 7808K,   0% used [0x69da0000, 0x69da0000, 0x6a540000)
 tenured generation   total 158464K, used 142919K [0x6a540000, 0x74000000, 0x74000000)
   the space 158464K,  90% used [0x6a540000, 0x730d1df0, 0x730d1e00, 0x74000000)
 Metaspace       used 51872K, capacity 55663K, committed 55960K, reserved 56624K
Event: 61208.653 GC heap after
Heap after GC invocations=1268 (full 15):
 def new generation   total 71296K, used 2595K [0x65800000, 0x6a540000, 0x6a540000)
  eden space 63488K,   0% used [0x65800000, 0x65800000, 0x69600000)
  from space 7808K,  33% used [0x69da0000, 0x6a028d78, 0x6a540000)
  to   space 7808K,   0% used [0x69600000, 0x69600000, 0x69da0000)
 tenured generation   total 158464K, used 143223K [0x6a540000, 0x74000000, 0x74000000)
   the space 158464K,  90% used [0x6a540000, 0x7311ddd0, 0x7311de00, 0x74000000)
 Metaspace       used 51872K, capacity 55663K, committed 55960K, reserved 56624K
}
Event: 61212.890 GC heap before
{Heap before GC invocations=1268 (full 15):
 def new generation   total 71296K, used 66083K [0x65800000, 0x6a540000, 0x6a540000)
  eden space 63488K, 100% used [0x65800000, 0x69600000, 0x69600000)
  from space 7808K,  33% used [0x69da0000, 0x6a028d78, 0x6a540000)
  to   space 7808K,   0% used [0x69600000, 0x69600000, 0x69da0000)
 tenured generation   total 158464K, used 143223K [0x6a540000, 0x74000000, 0x74000000)
   the space 158464K,  90% used [0x6a540000, 0x7311ddd0, 0x7311de00, 0x74000000)
 Metaspace       used 51888K, capacity 55668K, committed 55960K, reserved 56624K
Event: 61212.946 GC heap after
Heap after GC invocations=1269 (full 15):
 def new generation   total 71296K, used 1985K [0x65800000, 0x6a540000, 0x6a540000)
  eden space 63488K,   0% used [0x65800000, 0x65800000, 0x69600000)
  from space 7808K,  25% used [0x69600000, 0x697f04c0, 0x69da0000)
  to   space 7808K,   0% used [0x69da0000, 0x69da0000, 0x6a540000)
 tenured generation   total 158464K, used 143223K [0x6a540000, 0x74000000, 0x74000000)
   the space 158464K,  90% used [0x6a540000, 0x7311ddd0, 0x7311de00, 0x74000000)
 Metaspace       used 51888K, capacity 55668K, committed 55960K, reserved 56624K
}

Deoptimization events (0 events):
No events

Internal exceptions (10 events):
Event: 61223.769 Thread 0x5dfec400 Exception <a 'java/net/SocketTimeoutException': Read timed out> (0x68282358) thrown at [/HUDSON/workspace/8-2-build-glinux-arm-vfp-hflt/jdk8u65/4987/hotspot/src/share/vm/prims/jni.cpp, line 735]
Event: 61223.867 Thread 0x5dfec400 Exception <a 'java/net/SocketTimeoutException': Read timed out> (0x682f7450) thrown at [/HUDSON/workspace/8-2-build-glinux-arm-vfp-hflt/jdk8u65/4987/hotspot/src/share/vm/prims/jni.cpp, line 735]
Event: 61223.961 Thread 0x5dfec400 Exception <a 'java/net/SocketTimeoutException': Read timed out> (0x68328770) thrown at [/HUDSON/workspace/8-2-build-glinux-arm-vfp-hflt/jdk8u65/4987/hotspot/src/share/vm/prims/jni.cpp, line 735]
Event: 61227.355 Thread 0x62c12000 Exception <a 'java/util/zip/ZipException'> (0x68423d68) thrown at [/HUDSON/workspace/8-2-build-glinux-arm-vfp-hflt/jdk8u65/4987/hotspot/src/share/vm/prims/jni.cpp, line 709]
Event: 61230.611 Thread 0x5dfec400 Exception <a 'java/net/SocketTimeoutException': Read timed out> (0x6846b828) thrown at [/HUDSON/workspace/8-2-build-glinux-arm-vfp-hflt/jdk8u65/4987/hotspot/src/share/vm/prims/jni.cpp, line 735]
Event: 61241.265 Thread 0x64d8b000 Exception <a 'java/net/NoRouteToHostException'> (0x680a77e8) thrown at [/HUDSON/workspace/8-2-build-glinux-arm-vfp-hflt/jdk8u65/4987/hotspot/src/share/vm/prims/jni.cpp, line 709]
Event: 61339.193 Thread 0x5aff0000 Exception <a 'java/net/ConnectException'> (0x685500e0) thrown at [/HUDSON/workspace/8-2-build-glinux-arm-vfp-hflt/jdk8u65/4987/hotspot/src/share/vm/prims/jni.cpp, line 709]
Event: 61339.193 Thread 0x62c12000 Exception <a 'java/util/zip/ZipException'> (0x6856d920) thrown at [/HUDSON/workspace/8-2-build-glinux-arm-vfp-hflt/jdk8u65/4987/hotspot/src/share/vm/prims/jni.cpp, line 709]
Event: 61392.748 Thread 0x00481800 Exception <a 'java/net/SocketException'> (0x68536890) thrown at [/HUDSON/workspace/8-2-build-glinux-arm-vfp-hflt/jdk8u65/4987/hotspot/src/share/vm/prims/jni.cpp, line 709]
Event: 61395.570 Thread 0x62c84000 Exception <a 'java/lang/InterruptedException'> (0x6854c9e8) thrown at [/HUDSON/workspace/8-2-build-glinux-arm-vfp-hflt/jdk8u65/4987/hotspot/src/share/vm/runtime/objectMonitor.cpp, line 1494]

Events (10 events):
Event: 61438.215 Thread 0x00503000 Thread added: 0x00503000
Event: 61440.642 Thread 0x5f931000 Thread added: 0x5f931000
Event: 61442.759 Thread 0x62ccbc00 Thread added: 0x62ccbc00
Event: 61445.288 Thread 0x5aff0000 Thread added: 0x5aff0000
Event: 61447.626 Thread 0x62c9ac00 Thread added: 0x62c9ac00
Event: 61450.692 Thread 0x6155ac00 Thread added: 0x6155ac00
Event: 61453.595 Thread 0x64d16000 Thread added: 0x64d16000
Event: 61454.650 Thread 0x5c754000 Thread exited: 0x5c754000
Event: 61454.650 Thread 0x5e1a1c00 Thread exited: 0x5e1a1c00
Event: 61456.944 Thread 0x5f936c00 Thread added: 0x5f936c00


Dynamic libraries:
00008000-00009000 r-xp 00000000 b3:02 382016     /usr/lib/jvm/jdk-8-oracle-arm32-vfp-hflt/jre/bin/java
00010000-00011000 rw-p 00000000 b3:02 382016     /usr/lib/jvm/jdk-8-oracle-arm32-vfp-hflt/jre/bin/java
00477000-0058e000 rw-p 00000000 00:00 0          [heap]
5a200000-5a260000 rw-p 00000000 00:00 0 
5a260000-5a300000 ---p 00000000 00:00 0 
5a380000-5a3e0000 rw-p 00000000 00:00 0 
5a3e0000-5a483000 ---p 00000000 00:00 0 
5a483000-5a4d0000 rw-p 00000000 00:00 0 
5a4d0000-5a4d3000 ---p 00000000 00:00 0 
5a4d3000-5a520000 rw-p 00000000 00:00 0 
5a520000-5a523000 ---p 00000000 00:00 0 
5a523000-5a570000 rw-p 00000000 00:00 0 
5a570000-5a573000 ---p 00000000 00:00 0 
5a573000-5a5c0000 rw-p 00000000 00:00 0 
5a5c0000-5a5c3000 ---p 00000000 00:00 0 
5a5c3000-5a610000 rw-p 00000000 00:00 0 
5a610000-5a613000 ---p 00000000 00:00 0 
5a613000-5a660000 rw-p 00000000 00:00 0 
5a660000-5a663000 ---p 00000000 00:00 0 
5a663000-5a6b0000 rw-p 00000000 00:00 0 
5a6b0000-5a6b3000 ---p 00000000 00:00 0 
5a6b3000-5a800000 rw-p 00000000 00:00 0 
5a800000-5a849000 rw-p 00000000 00:00 0 
5a849000-5a900000 ---p 00000000 00:00 0 
5a910000-5a913000 ---p 00000000 00:00 0 
5a913000-5a960000 rw-p 00000000 00:00 0 
5a960000-5a963000 ---p 00000000 00:00 0 
5a963000-5a9b0000 rw-p 00000000 00:00 0 
5a9b0000-5a9b3000 ---p 00000000 00:00 0 
5a9b3000-5ab00000 rw-p 00000000 00:00 0 
5ab00000-5abfd000 rw-p 00000000 00:00 0 
5abfd000-5ac00000 ---p 00000000 00:00 0 
5ac20000-5ac23000 ---p 00000000 00:00 0 
5ac23000-5ac70000 rw-p 00000000 00:00 0 
5ac70000-5ac73000 ---p 00000000 00:00 0 
5ac73000-5acc0000 rw-p 00000000 00:00 0 
5acc0000-5acc3000 ---p 00000000 00:00 0 
5acc3000-5ae10000 rw-p 00000000 00:00 0 
5ae10000-5ae13000 ---p 00000000 00:00 0 
5ae13000-5ae60000 rw-p 00000000 00:00 0 
5ae60000-5ae63000 ---p 00000000 00:00 0 
5ae63000-5aeb0000 rw-p 00000000 00:00 0 
5aeb0000-5aeb3000 ---p 00000000 00:00 0 
5aeb3000-5af00000 rw-p 00000000 00:00 0 
5af00000-5afff000 rw-p 00000000 00:00 0 
5afff000-5b000000 ---p 00000000 00:00 0 
5b010000-5b013000 ---p 00000000 00:00 0 
5b013000-5b060000 rw-p 00000000 00:00 0 
5b060000-5b063000 ---p 00000000 00:00 0 
5b063000-5b0b0000 rw-p 00000000 00:00 0 
5b0b0000-5b0b3000 ---p 00000000 00:00 0 
5b0b3000-5b100000 rw-p 00000000 00:00 0 
5b100000-5b103000 ---p 00000000 00:00 0 
5b103000-5b150000 rw-p 00000000 00:00 0 
5b150000-5b153000 ---p 00000000 00:00 0 
5b153000-5b1a0000 rw-p 00000000 00:00 0 
5b1a0000-5b1a3000 ---p 00000000 00:00 0 
5b1a3000-5b1f0000 rw-p 00000000 00:00 0 
5b1f0000-5b1f3000 ---p 00000000 00:00 0 
5b1f3000-5b240000 rw-p 00000000 00:00 0 
5b240000-5b243000 ---p 00000000 00:00 0 
5b243000-5b290000 rw-p 00000000 00:00 0 
5b290000-5b293000 ---p 00000000 00:00 0 
5b293000-5b3e0000 rw-p 00000000 00:00 0 
5b3e0000-5b3e3000 ---p 00000000 00:00 0 
5b3e3000-5b430000 rw-p 00000000 00:00 0 
5b430000-5b433000 ---p 00000000 00:00 0 
5b433000-5b480000 rw-p 00000000 00:00 0 
5b480000-5b483000 ---p 00000000 00:00 0 
5b483000-5b4d0000 rw-p 00000000 00:00 0 
5b4d0000-5b4d3000 ---p 00000000 00:00 0 
5b4d3000-5b520000 rw-p 00000000 00:00 0 
5b520000-5b523000 ---p 00000000 00:00 0 
5b523000-5b570000 rw-p 00000000 00:00 0 
5b570000-5b573000 ---p 00000000 00:00 0 
5b573000-5b5c0000 rw-p 00000000 00:00 0 
5b5c0000-5b5c3000 ---p 00000000 00:00 0 
5b5c3000-5b610000 rw-p 00000000 00:00 0 
5b610000-5b613000 ---p 00000000 00:00 0 
5b613000-5b660000 rw-p 00000000 00:00 0 
5b660000-5b663000 ---p 00000000 00:00 0 
5b663000-5b6b0000 rw-p 00000000 00:00 0 
5b6b0000-5b6b3000 ---p 00000000 00:00 0 
5b6b3000-5b700000 rw-p 00000000 00:00 0 
5b700000-5b703000 ---p 00000000 00:00 0 
5b703000-5b750000 rw-p 00000000 00:00 0 
5b750000-5b753000 ---p 00000000 00:00 0 
5b753000-5b7a0000 rw-p 00000000 00:00 0 
5b7a0000-5b7a3000 ---p 00000000 00:00 0 
5b7a3000-5b7f0000 rw-p 00000000 00:00 0 
5b7f0000-5b7f3000 ---p 00000000 00:00 0 
5b7f3000-5b840000 rw-p 00000000 00:00 0 
5b840000-5b843000 ---p 00000000 00:00 0 
5b843000-5b890000 rw-p 00000000 00:00 0 
5b890000-5b893000 ---p 00000000 00:00 0 
5b893000-5b8e0000 rw-p 00000000 00:00 0 
5b8e0000-5b8e3000 ---p 00000000 00:00 0 
5b8e3000-5b930000 rw-p 00000000 00:00 0 
5b930000-5b933000 ---p 00000000 00:00 0 
5b933000-5b980000 rw-p 00000000 00:00 0 
5b980000-5b983000 ---p 00000000 00:00 0 
5b983000-5b9d0000 rw-p 00000000 00:00 0 
5b9d0000-5b9d3000 ---p 00000000 00:00 0 
5b9d3000-5ba20000 rw-p 00000000 00:00 0 
5ba20000-5ba23000 ---p 00000000 00:00 0 
5ba23000-5ba70000 rw-p 00000000 00:00 0 
5ba70000-5ba73000 ---p 00000000 00:00 0 
5ba73000-5bac0000 rw-p 00000000 00:00 0 
5bac0000-5bac3000 ---p 00000000 00:00 0 
5bac3000-5bb10000 rw-p 00000000 00:00 0 
5bb10000-5bb13000 ---p 00000000 00:00 0 
5bb13000-5bb60000 rw-p 00000000 00:00 0 
5bb60000-5bb63000 ---p 00000000 00:00 0 
5bb63000-5bbb0000 rw-p 00000000 00:00 0 
5bbb0000-5bbb3000 ---p 00000000 00:00 0 
5bbb3000-5bc00000 rw-p 00000000 00:00 0 
5bc00000-5bd00000 rw-p 00000000 00:00 0 
5bd10000-5bd13000 ---p 00000000 00:00 0 
5bd13000-5bd60000 rw-p 00000000 00:00 0 
5bd60000-5bd63000 ---p 00000000 00:00 0 
5bd63000-5beb0000 rw-p 00000000 00:00 0 
5beb0000-5beb3000 ---p 00000000 00:00 0 
5beb3000-5bf00000 rw-p 00000000 00:00 0 
5bf00000-5bf03000 ---p 00000000 00:00 0 
5bf03000-5bf50000 rw-p 00000000 00:00 0 
5bf50000-5bf53000 ---p 00000000 00:00 0 
5bf53000-5bfa0000 rw-p 00000000 00:00 0 
5bfa0000-5bfa3000 ---p 00000000 00:00 0 
5bfa3000-5bff0000 rw-p 00000000 00:00 0 
5bff0000-5bff3000 ---p 00000000 00:00 0 
5bff3000-5c040000 rw-p 00000000 00:00 0 
5c040000-5c043000 ---p 00000000 00:00 0 
5c043000-5c090000 rw-p 00000000 00:00 0 
5c090000-5c093000 ---p 00000000 00:00 0 
5c093000-5c0e0000 rw-p 00000000 00:00 0 
5c0e0000-5c0e3000 ---p 00000000 00:00 0 
5c0e3000-5c130000 rw-p 00000000 00:00 0 
5c130000-5c1ad000 r-xp 00000000 b3:02 381942     /usr/lib/jvm/jdk-8-oracle-arm32-vfp-hflt/jre/lib/arm/libawt.so
5c1ad000-5c1b5000 ---p 0007d000 b3:02 381942     /usr/lib/jvm/jdk-8-oracle-arm32-vfp-hflt/jre/lib/arm/libawt.so
5c1b5000-5c1bc000 rw-p 0007d000 b3:02 381942     /usr/lib/jvm/jdk-8-oracle-arm32-vfp-hflt/jre/lib/arm/libawt.so
5c1bc000-5c1e0000 rw-p 00000000 00:00 0 
5c1e0000-5c1e3000 ---p 00000000 00:00 0 
5c1e3000-5c230000 rw-p 00000000 00:00 0 
5c230000-5c233000 ---p 00000000 00:00 0 
5c233000-5c280000 rw-p 00000000 00:00 0 
5c280000-5c283000 ---p 00000000 00:00 0 
5c283000-5c2d0000 rw-p 00000000 00:00 0 
5c2d0000-5c2d3000 ---p 00000000 00:00 0 
5c2d3000-5c320000 rw-p 00000000 00:00 0 
5c320000-5c323000 ---p 00000000 00:00 0 
5c323000-5c370000 rw-p 00000000 00:00 0 
5c370000-5c373000 ---p 00000000 00:00 0 
5c373000-5c3c0000 rw-p 00000000 00:00 0 
5c3c0000-5c3c3000 ---p 00000000 00:00 0 
5c3c3000-5c410000 rw-p 00000000 00:00 0 
5c410000-5c413000 ---p 00000000 00:00 0 
5c413000-5c460000 rw-p 00000000 00:00 0 
5c460000-5c463000 ---p 00000000 00:00 0 
5c463000-5c4b0000 rw-p 00000000 00:00 0 
5c4b0000-5c4b3000 ---p 00000000 00:00 0 
5c4b3000-5c500000 rw-p 00000000 00:00 0 
5c500000-5c546000 rw-p 00000000 00:00 0 
5c546000-5c600000 ---p 00000000 00:00 0 
5c610000-5c613000 ---p 00000000 00:00 0 
5c613000-5c660000 rw-p 00000000 00:00 0 
5c660000-5c663000 ---p 00000000 00:00 0 
5c663000-5c6b0000 rw-p 00000000 00:00 0 
5c6b0000-5c6b3000 ---p 00000000 00:00 0 
5c6b3000-5c700000 rw-p 00000000 00:00 0 
5c700000-5c795000 rw-p 00000000 00:00 0 
5c795000-5c800000 ---p 00000000 00:00 0 
5c820000-5c823000 ---p 00000000 00:00 0 
5c823000-5c870000 rw-p 00000000 00:00 0 
5c870000-5c873000 ---p 00000000 00:00 0 
5c873000-5c8c0000 rw-p 00000000 00:00 0 
5c8c0000-5c8c3000 ---p 00000000 00:00 0 
5c8c3000-5c910000 rw-p 00000000 00:00 0 
5c910000-5c913000 ---p 00000000 00:00 0 
5c913000-5c960000 rw-p 00000000 00:00 0 
5c960000-5c963000 ---p 00000000 00:00 0 
5c963000-5c9b0000 rw-p 00000000 00:00 0 
5c9b0000-5c9b3000 ---p 00000000 00:00 0 
5c9b3000-5ca00000 rw-p 00000000 00:00 0 
5ca00000-5ca03000 ---p 00000000 00:00 0 
5ca03000-5ca50000 rw-p 00000000 00:00 0 
5ca50000-5ca53000 ---p 00000000 00:00 0 
5ca53000-5caa0000 rw-p 00000000 00:00 0 
5caa0000-5caa3000 ---p 00000000 00:00 0 
5caa3000-5caf0000 rw-p 00000000 00:00 0 
5caf0000-5caf3000 ---p 00000000 00:00 0 
5caf3000-5cb40000 rw-p 00000000 00:00 0 
5cb40000-5cb43000 ---p 00000000 00:00 0 
5cb43000-5cb90000 rw-p 00000000 00:00 0 
5cb90000-5cb93000 ---p 00000000 00:00 0 
5cb93000-5cbe0000 rw-p 00000000 00:00 0 
5cbe0000-5cbe3000 ---p 00000000 00:00 0 
5cbe3000-5cc30000 rw-p 00000000 00:00 0 
5cc30000-5cc33000 ---p 00000000 00:00 0 
5cc33000-5cc80000 rw-p 00000000 00:00 0 
5cc80000-5cc83000 ---p 00000000 00:00 0 
5cc83000-5ccd0000 rw-p 00000000 00:00 0 
5ccd0000-5ccd3000 ---p 00000000 00:00 0 
5ccd3000-5cd20000 rw-p 00000000 00:00 0 
5cd20000-5cd23000 ---p 00000000 00:00 0 
5cd23000-5cd70000 rw-p 00000000 00:00 0 
5cd70000-5cd73000 ---p 00000000 00:00 0 
5cd73000-5cdc0000 rw-p 00000000 00:00 0 
5cdc0000-5cdc3000 ---p 00000000 00:00 0 
5cdc3000-5ce10000 rw-p 00000000 00:00 0 
5ce10000-5ce13000 ---p 00000000 00:00 0 
5ce13000-5ce60000 rw-p 00000000 00:00 0 
5ce60000-5ce63000 ---p 00000000 00:00 0 
5ce63000-5ceb0000 rw-p 00000000 00:00 0 
5ceb0000-5ceb3000 ---p 00000000 00:00 0 
5ceb3000-5cf00000 rw-p 00000000 00:00 0 
5cf00000-5cf03000 ---p 00000000 00:00 0 
5cf03000-5cf50000 rw-p 00000000 00:00 0 
5cf50000-5cf53000 ---p 00000000 00:00 0 
5cf53000-5d0a0000 rw-p 00000000 00:00 0 
5d0a0000-5d0a3000 ---p 00000000 00:00 0 
5d0a3000-5d0f0000 rw-p 00000000 00:00 0 
5d0f0000-5d0f3000 ---p 00000000 00:00 0 
5d0f3000-5d140000 rw-p 00000000 00:00 0 
5d140000-5d143000 ---p 00000000 00:00 0 
5d143000-5d190000 rw-p 00000000 00:00 0 
5d190000-5d193000 ---p 00000000 00:00 0 
5d193000-5d1e0000 rw-p 00000000 00:00 0 
5d1e3000-5d230000 rw-p 00000000 00:00 0 
5d230000-5d233000 ---p 00000000 00:00 0 
5d233000-5d280000 rw-p 00000000 00:00 0 
5d280000-5d283000 ---p 00000000 00:00 0 
5d283000-5d2d0000 rw-p 00000000 00:00 0 
5d2d0000-5d2d3000 ---p 00000000 00:00 0 
5d2d3000-5d320000 rw-p 00000000 00:00 0 
5d320000-5d323000 ---p 00000000 00:00 0 
5d323000-5d370000 rw-p 00000000 00:00 0 
5d370000-5d373000 ---p 00000000 00:00 0 
5d373000-5d3c0000 rw-p 00000000 00:00 0 
5d3c0000-5d3c3000 ---p 00000000 00:00 0 
5d3c3000-5d410000 rw-p 00000000 00:00 0 
5d410000-5d413000 ---p 00000000 00:00 0 
5d413000-5d460000 rw-p 00000000 00:00 0 
5d460000-5d463000 ---p 00000000 00:00 0 
5d463000-5d4b0000 rw-p 00000000 00:00 0 
5d4b0000-5d4b3000 ---p 00000000 00:00 0 
5d4b3000-5d500000 rw-p 00000000 00:00 0 
5d500000-5d568000 rw-p 00000000 00:00 0 
5d568000-5d600000 ---p 00000000 00:00 0 
5d610000-5d613000 ---p 00000000 00:00 0 
5d613000-5d660000 rw-p 00000000 00:00 0 
5d660000-5d663000 ---p 00000000 00:00 0 
5d663000-5d6b0000 rw-p 00000000 00:00 0 
5d6b0000-5d6b3000 ---p 00000000 00:00 0 
5d6b3000-5d700000 rw-p 00000000 00:00 0 
5d700000-5d703000 ---p 00000000 00:00 0 
5d703000-5d750000 rw-p 00000000 00:00 0 
5d750000-5d753000 ---p 00000000 00:00 0 
5d753000-5d7a0000 rw-p 00000000 00:00 0 
5d7a0000-5d7a3000 ---p 00000000 00:00 0 
5d7a3000-5d7f0000 rw-p 00000000 00:00 0 
5d7f0000-5d7f3000 ---p 00000000 00:00 0 
5d7f3000-5d840000 rw-p 00000000 00:00 0 
5d840000-5d843000 ---p 00000000 00:00 0 
5d843000-5d890000 rw-p 00000000 00:00 0 
5d890000-5d893000 ---p 00000000 00:00 0 
5d893000-5d8e0000 rw-p 00000000 00:00 0 
5d8e0000-5d8e3000 ---p 00000000 00:00 0 
5d8e3000-5d930000 rw-p 00000000 00:00 0 
5d930000-5d933000 ---p 00000000 00:00 0 
5d933000-5d980000 rw-p 00000000 00:00 0 
5d980000-5d983000 ---p 00000000 00:00 0 
5d983000-5d9d0000 rw-p 00000000 00:00 0 
5d9d0000-5d9d3000 ---p 00000000 00:00 0 
5d9d3000-5da20000 rw-p 00000000 00:00 0 
5da20000-5da23000 ---p 00000000 00:00 0 
5da23000-5da70000 rw-p 00000000 00:00 0 
5da70000-5da73000 ---p 00000000 00:00 0 
5da73000-5dac0000 rw-p 00000000 00:00 0 
5dac0000-5dac3000 ---p 00000000 00:00 0 
5dac3000-5db10000 rw-p 00000000 00:00 0 
5db10000-5db13000 ---p 00000000 00:00 0 
5db13000-5db60000 rw-p 00000000 00:00 0 
5db60000-5db63000 ---p 00000000 00:00 0 
5db63000-5dbb0000 rw-p 00000000 00:00 0 
5dbb0000-5dbb3000 ---p 00000000 00:00 0 
5dbb3000-5dd00000 rw-p 00000000 00:00 0 
5dd00000-5de00000 rw-p 00000000 00:00 0 
5de00000-5df00000 rw-p 00000000 00:00 0 
5df00000-5e000000 rw-p 00000000 00:00 0 
5e000000-5e100000 rw-p 00000000 00:00 0 
5e100000-5e1fd000 rw-p 00000000 00:00 0 
5e1fd000-5e200000 ---p 00000000 00:00 0 
5e218000-5e21b000 ---p 00000000 00:00 0 
5e21b000-5e268000 rw-p 00000000 00:00 0 
5e268000-5e26b000 ---p 00000000 00:00 0 
5e26b000-5e3b8000 rw-p 00000000 00:00 0 
5e400000-5e500000 rw-p 00000000 00:00 0 
5e500000-5e5fa000 rw-p 00000000 00:00 0 
5e5fa000-5e600000 ---p 00000000 00:00 0 
5e620000-5e720000 rw-p 00000000 00:00 0 
5e720000-5e820000 rw-p 00000000 00:00 0 
5e820000-5e823000 ---p 00000000 00:00 0 
5e823000-5e870000 rw-p 00000000 00:00 0 
5e870000-5e873000 ---p 00000000 00:00 0 
5e873000-5e8c0000 rw-p 00000000 00:00 0 
5e8c0000-5e8c3000 ---p 00000000 00:00 0 
5e8c3000-5e910000 rw-p 00000000 00:00 0 
5e910000-5e913000 ---p 00000000 00:00 0 
5e913000-5ea60000 rw-p 00000000 00:00 0 
5ea60000-5ea63000 ---p 00000000 00:00 0 
5ea63000-5eab0000 rw-p 00000000 00:00 0 
5eab0000-5eab3000 ---p 00000000 00:00 0 
5eab3000-5eb00000 rw-p 00000000 00:00 0 
5eb00000-5ebe9000 rw-p 00000000 00:00 0 
5ebe9000-5ec00000 ---p 00000000 00:00 0 
5ec00000-5ed00000 rw-p 00000000 00:00 0 
5ed00000-5ee00000 rw-p 00000000 00:00 0 
5ee00000-5eeff000 rw-p 00000000 00:00 0 
5eeff000-5ef00000 ---p 00000000 00:00 0 
5ef20000-5f020000 rw-p 00000000 00:00 0 
5f020000-5f023000 ---p 00000000 00:00 0 
5f023000-5f070000 rw-p 00000000 00:00 0 
5f070000-5f073000 ---p 00000000 00:00 0 
5f073000-5f0c0000 rw-p 00000000 00:00 0 
5f0c0000-5f0c3000 ---p 00000000 00:00 0 
5f0c3000-5f210000 rw-p 00000000 00:00 0 
5f210000-5f213000 ---p 00000000 00:00 0 
5f213000-5f260000 rw-p 00000000 00:00 0 
5f260000-5f263000 ---p 00000000 00:00 0 
5f263000-5f2b0000 rw-p 00000000 00:00 0 
5f2b0000-5f2b3000 ---p 00000000 00:00 0 
5f2b3000-5f400000 rw-p 00000000 00:00 0 
5f400000-5f4ff000 rw-p 00000000 00:00 0 
5f4ff000-5f500000 ---p 00000000 00:00 0 
5f523000-5f526000 ---p 00000000 00:00 0 
5f526000-5f673000 rw-p 00000000 00:00 0 
5f6c0000-5f7c0000 rw-p 00000000 00:00 0 
5f7c0000-5f7c3000 ---p 00000000 00:00 0 
5f7c3000-5f810000 rw-p 00000000 00:00 0 
5f810000-5f813000 ---p 00000000 00:00 0 
5f813000-5f860000 rw-p 00000000 00:00 0 
5f860000-5f863000 ---p 00000000 00:00 0 
5f863000-5f8b0000 rw-p 00000000 00:00 0 
5f8b0000-5f8b3000 ---p 00000000 00:00 0 
5f8b3000-5f900000 rw-p 00000000 00:00 0 
5f900000-5fa00000 rw-p 00000000 00:00 0 
5fa10000-5fa2d000 rw-s 00000000 b3:02 382850     /var/lib/openhab2/persistence/rrd4j/Zone1VentStatus.rrd
5fa2d000-5fa30000 ---p 00000000 00:00 0 
5fa30000-5fb7d000 rw-p 00000000 00:00 0 
5fb85000-5fc85000 rw-p 00000000 00:00 0 
5fc87000-5fc8a000 ---p 00000000 00:00 0 
5fc8a000-5fcd7000 rw-p 00000000 00:00 0 
5fcd7000-5fcda000 ---p 00000000 00:00 0 
5fcda000-5fd27000 rw-p 00000000 00:00 0 
5fd3c000-5fd54000 r--s 000d6000 b3:02 507058     /var/lib/openhab2/cache/org.eclipse.osgi/165/0/bundleFile
5fd54000-5fd57000 ---p 00000000 00:00 0 
5fd57000-5fda4000 rw-p 00000000 00:00 0 
5fda4000-5fdc1000 r--s 00145000 b3:02 505899     /var/lib/openhab2/cache/org.eclipse.osgi/7/0/bundleFile
5fdc1000-5fdc4000 ---p 00000000 00:00 0 
5fdc4000-5fe11000 rw-p 00000000 00:00 0 
5fe12000-5fe3d000 r--s 001fc000 b3:02 765290     /var/lib/openhab2/cache/org.eclipse.osgi/228/0/.cp/lib/guava-18.0.jar
5fe3d000-5fe41000 r--s 00021000 b3:02 507037     /var/lib/openhab2/cache/org.eclipse.osgi/158/0/bundleFile
5fe4a000-5fe67000 r--s 00291000 b3:02 507685     /var/lib/openhab2/cache/org.eclipse.osgi/233/0/bundleFile
5fe73000-5fe7d000 r--s 00070000 b3:02 507022     /var/lib/openhab2/cache/org.eclipse.osgi/153/0/bundleFile
5fe91000-5feb3000 r--s 0024c000 b3:02 507031     /var/lib/openhab2/cache/org.eclipse.osgi/156/0/bundleFile
5feb3000-5fec0000 r--s 00071000 b3:02 765263     /var/lib/openhab2/cache/org.eclipse.osgi/232/0/.cp/lib/xstream-1.4.6.jar
5fec0000-5fec5000 r--s 0002f000 b3:02 765297     /var/lib/openhab2/cache/org.eclipse.osgi/227/0/.cp/lib/org.eclipse.paho.client.mqttv3-1.1.0.jar
5fec5000-5fec7000 r--s 00028000 b3:02 507004     /var/lib/openhab2/cache/org.eclipse.osgi/147/0/bundleFile
5fed3000-5fed8000 r--s 00027000 b3:02 507040     /var/lib/openhab2/cache/org.eclipse.osgi/159/0/bundleFile
5fed8000-5fedd000 r--s 00043000 b3:02 506983     /var/lib/openhab2/cache/org.eclipse.osgi/140/0/bundleFile
5fee1000-5fee3000 r--s 00007000 b3:02 506971     /var/lib/openhab2/cache/org.eclipse.osgi/136/0/bundleFile
5fee5000-5feec000 r--s 0005a000 b3:02 506965     /var/lib/openhab2/cache/org.eclipse.osgi/134/0/bundleFile
5feec000-5fef4000 r--s 00078000 b3:02 506814     /var/lib/openhab2/cache/org.eclipse.osgi/84/0/bundleFile
5fef4000-5fef5000 r--s 00003000 b3:02 506953     /var/lib/openhab2/cache/org.eclipse.osgi/130/0/bundleFile
5fef6000-5ff00000 r--s 0008a000 b3:02 507112     /var/lib/openhab2/cache/org.eclipse.osgi/183/0/bundleFile
5ff00000-5ffbb000 rw-p 00000000 00:00 0 
5ffbb000-60000000 ---p 00000000 00:00 0 
60004000-60008000 r--s 00034000 b3:02 765550     /var/lib/openhab2/cache/org.eclipse.osgi/221/0/.cp/lib/jackson-core-2.4.1.1.jar
60008000-60013000 r--s 00074000 b3:02 507609     /var/lib/openhab2/cache/org.eclipse.osgi/200/0/bundleFile
60013000-60016000 r--s 00006000 b3:02 506880     /var/lib/openhab2/cache/org.eclipse.osgi/106/0/bundleFile
60019000-6001c000 r--s 0018b000 b3:02 507672     /var/lib/openhab2/cache/org.eclipse.osgi/223/0/bundleFile
6001c000-6002d000 r--s 000b8000 b3:02 507606     /var/lib/openhab2/cache/org.eclipse.osgi/199/0/bundleFile
6002d000-60030000 ---p 00000000 00:00 0 
60030000-60044000 rw-p 00000000 00:00 0 
60044000-60047000 ---p 00000000 00:00 0 
60047000-6005b000 rw-p 00000000 00:00 0 
6005b000-6005e000 ---p 00000000 00:00 0 
6005e000-600ab000 rw-p 00000000 00:00 0 
600ab000-600ae000 ---p 00000000 00:00 0 
600ae000-601fb000 rw-p 00000000 00:00 0 
601fb000-6020c000 r-xp 00000000 b3:02 8454       /lib/arm-linux-gnueabihf/libresolv-2.24.so
6020c000-6021c000 ---p 00011000 b3:02 8454       /lib/arm-linux-gnueabihf/libresolv-2.24.so
6021c000-6021d000 r--p 00011000 b3:02 8454       /lib/arm-linux-gnueabihf/libresolv-2.24.so
6021d000-6021e000 rw-p 00012000 b3:02 8454       /lib/arm-linux-gnueabihf/libresolv-2.24.so
6021e000-60220000 rw-p 00000000 00:00 0 
60220000-60223000 ---p 00000000 00:00 0 
60223000-60270000 rw-p 00000000 00:00 0 
60270000-60273000 ---p 00000000 00:00 0 
60273000-603c0000 rw-p 00000000 00:00 0 
603c0000-603c3000 ---p 00000000 00:00 0 
603c3000-60410000 rw-p 00000000 00:00 0 
60410000-60413000 ---p 00000000 00:00 0 
60413000-60460000 rw-p 00000000 00:00 0 
60460000-60463000 ---p 00000000 00:00 0 
60463000-604b0000 rw-p 00000000 00:00 0 
604b0000-604b3000 ---p 00000000 00:00 0 
604b3000-60500000 rw-p 00000000 00:00 0 
60500000-605fd000 rw-p 00000000 00:00 0 
605fd000-60600000 ---p 00000000 00:00 0 
60601000-6060e000 r--s 000aa000 b3:02 507082     /var/lib/openhab2/cache/org.eclipse.osgi/173/0/bundleFile
6060e000-60611000 ---p 00000000 00:00 0 
60611000-6065e000 rw-p 00000000 00:00 0 
60660000-60663000 ---p 00000000 00:00 0 
60663000-60677000 rw-p 00000000 00:00 0 
60677000-6067a000 ---p 00000000 00:00 0 
6067a000-6078e000 rw-p 00000000 00:00 0 
6078e000-60791000 ---p 00000000 00:00 0 
60791000-607de000 rw-p 00000000 00:00 0 
607de000-607e2000 r-xp 00000000 b3:02 8424       /lib/arm-linux-gnueabihf/libnss_dns-2.24.so
607e2000-607f1000 ---p 00004000 b3:02 8424       /lib/arm-linux-gnueabihf/libnss_dns-2.24.so
607f1000-607f2000 r--p 00003000 b3:02 8424       /lib/arm-linux-gnueabihf/libnss_dns-2.24.so
607f2000-607f3000 rw-p 00004000 b3:02 8424       /lib/arm-linux-gnueabihf/libnss_dns-2.24.so
607f3000-607f6000 ---p 00000000 00:00 0 
607f6000-60843000 rw-p 00000000 00:00 0 
60843000-60846000 ---p 00000000 00:00 0 
60846000-60993000 rw-p 00000000 00:00 0 
60993000-60996000 ---p 00000000 00:00 0 
60996000-609e3000 rw-p 00000000 00:00 0 
609e3000-609e6000 ---p 00000000 00:00 0 
609e6000-60b33000 rw-p 00000000 00:00 0 
60b35000-60b37000 r-xp 00000000 b3:02 1930       /lib/arm-linux-gnueabihf/libnss_mdns4_minimal.so.2
60b37000-60b46000 ---p 00002000 b3:02 1930       /lib/arm-linux-gnueabihf/libnss_mdns4_minimal.so.2
60b46000-60b47000 r--p 00001000 b3:02 1930       /lib/arm-linux-gnueabihf/libnss_mdns4_minimal.so.2
60b47000-60b48000 rw-p 00002000 b3:02 1930       /lib/arm-linux-gnueabihf/libnss_mdns4_minimal.so.2
60b4a000-60b50000 r--s 000f9000 b3:02 507673     /var/lib/openhab2/cache/org.eclipse.osgi/224/0/bundleFile
60b53000-60b60000 r--s 00416000 b3:02 507684     /var/lib/openhab2/cache/org.eclipse.osgi/232/0/bundleFile
60b60000-60b63000 ---p 00000000 00:00 0 
60b63000-60bb0000 rw-p 00000000 00:00 0 
60bb0000-60bb3000 ---p 00000000 00:00 0 
60bb3000-60c00000 rw-p 00000000 00:00 0 
60c00000-60cfd000 rw-p 00000000 00:00 0 
60cfd000-60d00000 ---p 00000000 00:00 0 
60d00000-60e00000 rw-p 00000000 00:00 0 
60e00000-60efe000 rw-p 00000000 00:00 0 
60efe000-60f00000 ---p 00000000 00:00 0 
60f00000-61000000 rw-p 00000000 00:00 0 
61000000-610fc000 rw-p 00000000 00:00 0 
610fc000-61100000 ---p 00000000 00:00 0 
61100000-61200000 rw-p 00000000 00:00 0 
61200000-612ff000 rw-p 00000000 00:00 0 
612ff000-61300000 ---p 00000000 00:00 0 
61300000-613fe000 rw-p 00000000 00:00 0 
613fe000-61400000 ---p 00000000 00:00 0 
61400000-61500000 rw-p 00000000 00:00 0 
61500000-615fd000 rw-p 00000000 00:00 0 
615fd000-61603000 ---p 00000000 00:00 0 
61603000-61650000 rw-p 00000000 00:00 0 
61650000-61653000 ---p 00000000 00:00 0 
61653000-616a0000 rw-p 00000000 00:00 0 
616a0000-616a3000 ---p 00000000 00:00 0 
616a3000-617f0000 rw-p 00000000 00:00 0 
617f0000-617f3000 ---p 00000000 00:00 0 
617f3000-61840000 rw-p 00000000 00:00 0 
61840000-61843000 ---p 00000000 00:00 0 
61843000-61890000 rw-p 00000000 00:00 0 
61890000-61893000 ---p 00000000 00:00 0 
61893000-618e0000 rw-p 00000000 00:00 0 
618e0000-618e3000 ---p 00000000 00:00 0 
618e3000-61930000 rw-p 00000000 00:00 0 
61930000-61933000 ---p 00000000 00:00 0 
61933000-61980000 rw-p 00000000 00:00 0 
61980000-61983000 ---p 00000000 00:00 0 
61983000-619d0000 rw-p 00000000 00:00 0 
619d0000-619d3000 ---p 00000000 00:00 0 
619d3000-61b20000 rw-p 00000000 00:00 0 
61b20000-61b23000 ---p 00000000 00:00 0 
61b23000-61b70000 rw-p 00000000 00:00 0 
61b70000-61b73000 ---p 00000000 00:00 0 
61b73000-61bc0000 rw-p 00000000 00:00 0 
61bc0000-61bc3000 ---p 00000000 00:00 0 
61bc3000-61c10000 rw-p 00000000 00:00 0 
61c10000-61c13000 ---p 00000000 00:00 0 
61c13000-61c60000 rw-p 00000000 00:00 0 
61c60000-61c63000 ---p 00000000 00:00 0 
61c63000-61db0000 rw-p 00000000 00:00 0 
61db0000-61eb0000 rw-p 00000000 00:00 0 
61eb0000-61eb3000 ---p 00000000 00:00 0 
61eb3000-62000000 rw-p 00000000 00:00 0 
62000000-620f9000 rw-p 00000000 00:00 0 
620f9000-62100000 ---p 00000000 00:00 0 
62100000-62200000 rw-p 00000000 00:00 0 
62200000-62300000 rw-p 00000000 00:00 0 
62300000-62400000 rw-p 00000000 00:00 0 
62402000-62410000 r--s 0009d000 b3:02 507070     /var/lib/openhab2/cache/org.eclipse.osgi/169/0/bundleFile
62410000-62510000 rw-p 00000000 00:00 0 
62510000-62513000 ---p 00000000 00:00 0 
62513000-62560000 rw-p 00000000 00:00 0 
62560000-62563000 ---p 00000000 00:00 0 
62563000-625b0000 rw-p 00000000 00:00 0 
625b0000-625b3000 ---p 00000000 00:00 0 
625b3000-62600000 rw-p 00000000 00:00 0 
62600000-62700000 rw-p 00000000 00:00 0 
62700000-62800000 rw-p 00000000 00:00 0 
62800000-62900000 rw-p 00000000 00:00 0 
62900000-629ff000 rw-p 00000000 00:00 0 
629ff000-62a00000 ---p 00000000 00:00 0 
62a01000-62a17000 r--s 000d3000 b3:02 507073     /var/lib/openhab2/cache/org.eclipse.osgi/170/0/bundleFile
62a17000-62a29000 r--s 00345000 b3:02 381880     /usr/lib/jvm/jdk-8-oracle-arm32-vfp-hflt/jre/lib/resources.jar
62a29000-62a2d000 r--s 0004d000 b3:02 507670     /var/lib/openhab2/cache/org.eclipse.osgi/221/0/bundleFile
62a2d000-62a30000 ---p 00000000 00:00 0 
62a30000-62a7d000 rw-p 00000000 00:00 0 
62a7e000-62a84000 r--s 00048000 b3:02 507613     /var/lib/openhab2/cache/org.eclipse.osgi/201/0/bundleFile
62a84000-62a92000 r--s 000c7000 b3:02 507010     /var/lib/openhab2/cache/org.eclipse.osgi/149/0/bundleFile
62a92000-62a9c000 r--s 00116000 b3:02 381958     /usr/lib/jvm/jdk-8-oracle-arm32-vfp-hflt/jre/lib/ext/localedata.jar
62a9c000-62a9f000 ---p 00000000 00:00 0 
62a9f000-62ab3000 rw-p 00000000 00:00 0 
62ab3000-62ab6000 ---p 00000000 00:00 0 
62ab6000-62aca000 rw-p 00000000 00:00 0 
62acc000-62ad3000 r--s 00072000 b3:02 506117     /var/lib/openhab2/cache/org.eclipse.osgi/29/0/bundleFile
62ad3000-62ad7000 r--s 0001a000 b3:02 765293     /var/lib/openhab2/cache/org.eclipse.osgi/228/0/.cp/lib/retrofit-1.9.0.jar
62ad7000-62adc000 r--s 0002f000 b3:02 765289     /var/lib/openhab2/cache/org.eclipse.osgi/228/0/.cp/lib/gson-2.3.1.jar
62adc000-62af8000 r--s 00393000 b3:02 381963     /usr/lib/jvm/jdk-8-oracle-arm32-vfp-hflt/jre/lib/ext/cldrdata.jar
62af8000-62b00000 r--s 00047000 b3:02 506886     /var/lib/openhab2/cache/org.eclipse.osgi/108/0/bundleFile
62b00000-62c00000 rw-p 00000000 00:00 0 
62c00000-62cfb000 rw-p 00000000 00:00 0 
62cfb000-62d00000 ---p 00000000 00:00 0 
62d00000-62e00000 rw-p 00000000 00:00 0 
62e00000-62f00000 rw-p 00000000 00:00 0 
62f00000-63000000 rw-p 00000000 00:00 0 
63001000-63007000 r--s 0003e000 b3:02 507603     /var/lib/openhab2/cache/org.eclipse.osgi/198/0/bundleFile
63007000-63009000 r--s 00012000 b3:02 507669     /var/lib/openhab2/cache/org.eclipse.osgi/220/0/bundleFile
63009000-63012000 r--s 000ae000 b3:02 506090     /var/lib/openhab2/cache/org.eclipse.osgi/26/0/bundleFile
63012000-63014000 r--s 0000c000 b3:02 507687     /var/lib/openhab2/cache/org.eclipse.osgi/235/0/bundleFile
63014000-6301b000 r--s 00064000 b3:02 507597     /var/lib/openhab2/cache/org.eclipse.osgi/197/0/bundleFile
6301b000-6301f000 r--s 000dd000 b3:02 507648     /var/lib/openhab2/cache/org.eclipse.osgi/210/0/bundleFile
6301f000-63024000 r--s 0002a000 b3:02 507570     /var/lib/openhab2/cache/org.eclipse.osgi/191/0/bundleFile
6302c000-63036000 r--s 0005f000 b3:02 506865     /var/lib/openhab2/cache/org.eclipse.osgi/101/0/bundleFile
63036000-63038000 r--s 00063000 b3:02 507682     /var/lib/openhab2/cache/org.eclipse.osgi/231/0/bundleFile
63038000-6303d000 r--s 0002f000 b3:02 507567     /var/lib/openhab2/cache/org.eclipse.osgi/190/0/bundleFile
6304f000-63052000 r--s 0000d000 b3:02 765277     /var/lib/openhab2/cache/org.eclipse.osgi/225/0/.cp/lib/socket.io-client-0.8.2.jar
63052000-63058000 r--s 0004f000 b3:02 765273     /var/lib/openhab2/cache/org.eclipse.osgi/225/0/.cp/lib/okhttp-3.4.1.jar
63058000-63068000 r--s 00089000 b3:02 507346     /var/lib/openhab2/cache/org.eclipse.osgi/131/0/.cp/lib/joda-time-2.9.2.jar
63068000-6306a000 r--s 00010000 b3:02 506895     /var/lib/openhab2/cache/org.eclipse.osgi/111/0/bundleFile
6306a000-63071000 r--s 0003d000 b3:02 507115     /var/lib/openhab2/cache/org.eclipse.osgi/184/0/bundleFile
63071000-63078000 r--s 00067000 b3:02 506823     /var/lib/openhab2/cache/org.eclipse.osgi/87/0/bundleFile
63078000-6307e000 r--s 002f8000 b3:02 381883     /usr/lib/jvm/jdk-8-oracle-arm32-vfp-hflt/jre/lib/charsets.jar
6307f000-63084000 r--s 0002a000 b3:02 506838     /var/lib/openhab2/cache/org.eclipse.osgi/92/0/bundleFile
63084000-6308e000 r--s 00098000 b3:02 507353     /var/lib/openhab2/cache/org.eclipse.osgi/107/0/.cp/lib/quartz-2.2.1.jar
6308e000-63091000 r--s 00513000 b3:02 765244     /var/lib/openhab2/cache/org.eclipse.osgi/236/0/.cp/lib/marytts-lang-de-5.1-SNAPSHOT.jar
63091000-63094000 r--s 00140000 b3:02 507645     /var/lib/openhab2/cache/org.eclipse.osgi/209/0/bundleFile
63095000-63099000 r--s 00027000 b3:02 506150     /var/lib/openhab2/cache/org.eclipse.osgi/37/0/bundleFile
63099000-630a4000 r--s 000f0000 b3:02 765182     /var/lib/openhab2/cache/org.eclipse.osgi/236/0/.cp/lib/marytts-runtime-5.1-SNAPSHOT.jar
630a5000-630ac000 r--s 00050000 b3:02 506763     /var/lib/openhab2/cache/org.eclipse.osgi/67/0/bundleFile
630ac000-630b1000 r--s 00049000 b3:02 765291     /var/lib/openhab2/cache/org.eclipse.osgi/228/0/.cp/lib/okhttp-2.4.0.jar
630b1000-630b3000 r--s 00003000 b3:02 507627     /var/lib/openhab2/cache/org.eclipse.osgi/205/0/bundleFile
630b3000-630b9000 r--s 00033000 b3:02 507593     /var/lib/openhab2/cache/org.eclipse.osgi/196/0/bundleFile
630b9000-630bd000 r--s 0002d000 b3:02 507586     /var/lib/openhab2/cache/org.eclipse.osgi/195/0/bundleFile
630bd000-630c0000 r--s 0001f000 b3:02 507582     /var/lib/openhab2/cache/org.eclipse.osgi/194/0/bundleFile
630c0000-630c2000 r--s 0000a000 b3:02 507668     /var/lib/openhab2/cache/org.eclipse.osgi/219/0/bundleFile
630c2000-630c4000 r--s 00001000 b3:02 507623     /var/lib/openhab2/cache/org.eclipse.osgi/204/0/bundleFile
630c4000-630c8000 r--s 00033000 b3:02 507132     /var/lib/openhab2/cache/org.eclipse.osgi/188/0/bundleFile
630d1000-631d1000 rw-p 00000000 00:00 0 
631d1000-63200000 r-xp 00000000 b3:02 381926     /usr/lib/jvm/jdk-8-oracle-arm32-vfp-hflt/jre/lib/arm/libsunec.so
63200000-63208000 ---p 0002f000 b3:02 381926     /usr/lib/jvm/jdk-8-oracle-arm32-vfp-hflt/jre/lib/arm/libsunec.so
63208000-6320b000 rw-p 0002f000 b3:02 381926     /usr/lib/jvm/jdk-8-oracle-arm32-vfp-hflt/jre/lib/arm/libsunec.so
6320b000-63210000 rw-p 00000000 00:00 0 
63210000-63213000 ---p 00000000 00:00 0 
63213000-63260000 rw-p 00000000 00:00 0 
63260000-63263000 ---p 00000000 00:00 0 
63263000-633b0000 rw-p 00000000 00:00 0 
633b0000-633b3000 ---p 00000000 00:00 0 
633b3000-63400000 rw-p 00000000 00:00 0 
63400000-63500000 rw-p 00000000 00:00 0 
63500000-63600000 rw-p 00000000 00:00 0 
63600000-63700000 rw-p 00000000 00:00 0 
63700000-637ff000 rw-p 00000000 00:00 0 
637ff000-63800000 ---p 00000000 00:00 0 
63800000-63803000 ---p 00000000 00:00 0 
63803000-63850000 rw-p 00000000 00:00 0 
63850000-63853000 ---p 00000000 00:00 0 
63853000-638a0000 rw-p 00000000 00:00 0 
638a0000-638a3000 ---p 00000000 00:00 0 
638a3000-638f0000 rw-p 00000000 00:00 0 
638f0000-638f3000 ---p 00000000 00:00 0 
638f3000-63940000 rw-p 00000000 00:00 0 
63940000-63943000 ---p 00000000 00:00 0 
63943000-63990000 rw-p 00000000 00:00 0 
63990000-63993000 ---p 00000000 00:00 0 
63993000-639e0000 rw-p 00000000 00:00 0 
639e0000-639e3000 ---p 00000000 00:00 0 
639e3000-63a30000 rw-p 00000000 00:00 0 
63a30000-63a33000 ---p 00000000 00:00 0 
63a33000-63a80000 rw-p 00000000 00:00 0 
63a80000-63a83000 ---p 00000000 00:00 0 
63a83000-63ad0000 rw-p 00000000 00:00 0 
63ad0000-63ad3000 ---p 00000000 00:00 0 
63ad3000-63b20000 rw-p 00000000 00:00 0 
63b20000-63b23000 ---p 00000000 00:00 0 
63b23000-63b70000 rw-p 00000000 00:00 0 
63b70000-63b73000 ---p 00000000 00:00 0 
63b73000-63bc0000 rw-p 00000000 00:00 0 
63bc0000-63bc3000 ---p 00000000 00:00 0 
63bc3000-63d10000 rw-p 00000000 00:00 0 
63d10000-63d13000 ---p 00000000 00:00 0 
63d13000-63d60000 rw-p 00000000 00:00 0 
63d60000-63d63000 ---p 00000000 00:00 0 
63d63000-63db0000 rw-p 00000000 00:00 0 
63db0000-63db3000 ---p 00000000 00:00 0 
63db3000-63e00000 rw-p 00000000 00:00 0 
63e00000-63f00000 rw-p 00000000 00:00 0 
63f00000-64000000 rw-p 00000000 00:00 0 
64000000-64100000 rw-p 00000000 00:00 0 
64100000-641ff000 rw-p 00000000 00:00 0 
641ff000-64200000 ---p 00000000 00:00 0 
64201000-64203000 r--s 00011000 b3:02 765276     /var/lib/openhab2/cache/org.eclipse.osgi/225/0/.cp/lib/okio-1.9.0.jar
64203000-64206000 r--s 0069d000 b3:02 765246     /var/lib/openhab2/cache/org.eclipse.osgi/236/0/.cp/lib/marytts-lang-en-5.1-SNAPSHOT.jar
64206000-64208000 r--s 00009000 b3:02 507079     /var/lib/openhab2/cache/org.eclipse.osgi/172/0/bundleFile
64208000-6420a000 r--s 00003000 b3:02 507619     /var/lib/openhab2/cache/org.eclipse.osgi/203/0/bundleFile
6420a000-6420d000 r--s 00017000 b3:02 507575     /var/lib/openhab2/cache/org.eclipse.osgi/192/0/bundleFile
6420d000-64211000 r--s 00019000 b3:02 506136     /var/lib/openhab2/cache/org.eclipse.osgi/33/0/bundleFile
64211000-64216000 r-xp 00000000 b3:02 381928     /usr/lib/jvm/jdk-8-oracle-arm32-vfp-hflt/jre/lib/arm/libawt_headless.so
64216000-6421d000 ---p 00005000 b3:02 381928     /usr/lib/jvm/jdk-8-oracle-arm32-vfp-hflt/jre/lib/arm/libawt_headless.so
6421d000-6421e000 rw-p 00004000 b3:02 381928     /usr/lib/jvm/jdk-8-oracle-arm32-vfp-hflt/jre/lib/arm/libawt_headless.so
6421e000-64221000 r--s 00015000 b3:02 506126     /var/lib/openhab2/cache/org.eclipse.osgi/31/0/bundleFile
64221000-64227000 r--s 0003b000 b3:02 506778     /var/lib/openhab2/cache/org.eclipse.osgi/72/0/bundleFile
64228000-6422a000 r--s 00005000 b3:02 765275     /var/lib/openhab2/cache/org.eclipse.osgi/225/0/.cp/lib/okhttp-ws-3.4.1.jar
6422a000-6422d000 r--s 00015000 b3:02 507616     /var/lib/openhab2/cache/org.eclipse.osgi/202/0/bundleFile
6422d000-64233000 r--s 0003f000 b3:02 381961     /usr/lib/jvm/jdk-8-oracle-arm32-vfp-hflt/jre/lib/ext/sunjce_provider.jar
64233000-64235000 r--s 0000b000 b3:02 507667     /var/lib/openhab2/cache/org.eclipse.osgi/218/0/bundleFile
64235000-64238000 r--s 00031000 b3:02 506112     /var/lib/openhab2/cache/org.eclipse.osgi/28/0/bundleFile
64238000-6423a000 r--s 00005000 b3:02 507097     /var/lib/openhab2/cache/org.eclipse.osgi/178/0/bundleFile
6423b000-6423f000 r--s 00024000 b3:02 507121     /var/lib/openhab2/cache/org.eclipse.osgi/186/0/bundleFile
6423f000-64242000 r--s 00022000 b3:02 506787     /var/lib/openhab2/cache/org.eclipse.osgi/75/0/bundleFile
64242000-64500000 rw-p 00000000 00:00 0 
64500000-64600000 rw-p 00000000 00:00 0 
64600000-64602000 r--s 00007000 b3:02 765294     /var/lib/openhab2/cache/org.eclipse.osgi/228/0/.cp/lib/influxdb-java-2.2.jar
64602000-64604000 r--s 0000e000 b3:02 507578     /var/lib/openhab2/cache/org.eclipse.osgi/193/0/bundleFile
64604000-64606000 r--s 0012e000 b3:02 765258     /var/lib/openhab2/cache/org.eclipse.osgi/236/0/.cp/lib/voice-cmu-slt-hsmm-5.0.jar
64606000-64608000 r--s 00001000 b3:02 507561     /var/lib/openhab2/cache/org.eclipse.osgi/189/0/bundleFile
64608000-6460b000 r--s 00025000 b3:02 765179     /var/lib/openhab2/cache/org.eclipse.osgi/236/0/.cp/lib/marytts-common-5.1-SNAPSHOT.jar
6460b000-6460d000 r--s 0000d000 b3:02 507665     /var/lib/openhab2/cache/org.eclipse.osgi/216/0/bundleFile
6460e000-64610000 r--s 00002000 b3:02 507124     /var/lib/openhab2/cache/org.eclipse.osgi/187/0/bundleFile
64610000-64616000 r--s 0004a000 b3:02 506974     /var/lib/openhab2/cache/org.eclipse.osgi/137/0/bundleFile
64616000-64630000 r--s 001d2000 b3:02 381956     /usr/lib/jvm/jdk-8-oracle-arm32-vfp-hflt/jre/lib/ext/nashorn.jar
64630000-64633000 ---p 00000000 00:00 0 
64633000-64680000 rw-p 00000000 00:00 0 
64680000-64681000 ---p 00000000 00:00 0 
64681000-64700000 rw-p 00000000 00:00 0 
64700000-64800000 rw-p 00000000 00:00 0 
64801000-64803000 r--s 00004000 b3:02 507663     /var/lib/openhab2/cache/org.eclipse.osgi/215/0/bundleFile
64803000-64805000 r--s 00003000 b3:02 507061     /var/lib/openhab2/cache/org.eclipse.osgi/166/0/bundleFile
64805000-64808000 r--s 00009000 b3:02 506832     /var/lib/openhab2/cache/org.eclipse.osgi/90/0/bundleFile
64808000-6480b000 r--s 00016000 b3:02 506916     /var/lib/openhab2/cache/org.eclipse.osgi/118/0/bundleFile
6480b000-6480d000 r--s 00007000 b3:02 506868     /var/lib/openhab2/cache/org.eclipse.osgi/102/0/bundleFile
6480d000-6480f000 r--s 00005000 b3:02 506910     /var/lib/openhab2/cache/org.eclipse.osgi/116/0/bundleFile
6480f000-64811000 r--s 00003000 b3:02 507001     /var/lib/openhab2/cache/org.eclipse.osgi/146/0/bundleFile
64811000-64814000 r--s 00010000 b3:02 506853     /var/lib/openhab2/cache/org.eclipse.osgi/97/0/bundleFile
64815000-64819000 r--s 0001d000 b3:02 507680     /var/lib/openhab2/cache/org.eclipse.osgi/238/0/bundleFile
64819000-6481e000 r--s 00094000 b3:02 765286     /var/lib/openhab2/cache/org.eclipse.osgi/230/0/.cp/lib/rrd4j-2.1.1.jar
6481e000-6481f000 r--s 00098000 b3:02 507679     /var/lib/openhab2/cache/org.eclipse.osgi/230/0/bundleFile
6481f000-64820000 r--s 00001000 b3:02 507675     /var/lib/openhab2/cache/org.eclipse.osgi/229/0/bundleFile
64820000-64822000 r--s 000e7000 b3:02 507677     /var/lib/openhab2/cache/org.eclipse.osgi/226/0/bundleFile
64822000-64823000 r--s 0000f000 b3:02 765292     /var/lib/openhab2/cache/org.eclipse.osgi/228/0/.cp/lib/okio-1.4.0.jar
64823000-64824000 r--s 00032000 b3:02 507678     /var/lib/openhab2/cache/org.eclipse.osgi/227/0/bundleFile
64824000-64826000 r--s 00006000 b3:02 507666     /var/lib/openhab2/cache/org.eclipse.osgi/217/0/bundleFile
64826000-64828000 r--s 00006000 b3:02 506913     /var/lib/openhab2/cache/org.eclipse.osgi/117/0/bundleFile
64828000-6482b000 r--s 0000e000 b3:02 507064     /var/lib/openhab2/cache/org.eclipse.osgi/167/0/bundleFile
6482b000-6482d000 r--s 0017c000 b3:02 765257     /var/lib/openhab2/cache/org.eclipse.osgi/236/0/.cp/lib/voice-bits3-hsmm-5.0-SNAPSHOT.jar
6482d000-64830000 r--s 00017000 b3:02 765271     /var/lib/openhab2/cache/org.eclipse.osgi/225/0/.cp/lib/engine.io-client-0.8.2.jar
64830000-64833000 ---p 00000000 00:00 0 
64833000-64880000 rw-p 00000000 00:00 0 
64880000-64883000 ---p 00000000 00:00 0 
64883000-64900000 rw-p 00000000 00:00 0 
64900000-64a00000 rw-p 00000000 00:00 0 
64a00000-64a01000 r--p 00000000 00:00 0 
64a02000-64a04000 r--s 0000b000 b3:02 507742     /var/lib/openhab2/cache/org.eclipse.osgi/212/0/.cp/lib/commons-email-1.4.jar
64a04000-64a05000 r--s 00002000 b3:02 506980     /var/lib/openhab2/cache/org.eclipse.osgi/139/0/bundleFile
64a05000-64a07000 r--s 0014c000 b3:02 765256     /var/lib/openhab2/cache/org.eclipse.osgi/236/0/.cp/lib/voice-bits1-hsmm-5.0-SNAPSHOT.jar
64a07000-64a08000 r--s 00001000 b3:02 507660     /var/lib/openhab2/cache/org.eclipse.osgi/214/0/bundleFile
64a08000-64a09000 r--s 00002000 b3:02 507094     /var/lib/openhab2/cache/org.eclipse.osgi/177/0/bundleFile
64a09000-64a0a000 r--s 00001000 b3:02 507681     /var/lib/openhab2/cache/org.eclipse.osgi/239/0/bundleFile
64a0a000-64a0b000 r--s 0000d000 b3:02 507654     /var/lib/openhab2/cache/org.eclipse.osgi/212/0/bundleFile
64a0b000-64a0d000 r--s 0000e000 b3:02 507085     /var/lib/openhab2/cache/org.eclipse.osgi/174/0/bundleFile
64a0d000-64a0e000 r--s 0000f000 b3:02 765269     /var/lib/openhab2/cache/org.eclipse.osgi/225/0/.cp/lib/json-20140107.jar
64a0e000-64a0f000 r--s 00004000 b3:02 507676     /var/lib/openhab2/cache/org.eclipse.osgi/237/0/bundleFile
64a0f000-64a11000 r--s 00064000 b3:02 507106     /var/lib/openhab2/cache/org.eclipse.osgi/181/0/bundleFile
64a11000-64a12000 r--s 0009f000 b3:02 506883     /var/lib/openhab2/cache/org.eclipse.osgi/107/0/bundleFile
64a12000-64a13000 r--s 00291000 b3:02 507383     /var/lib/openhab2/cache/org.eclipse.osgi/228/0/bundleFile
64a13000-64a15000 r--s 0009f000 b3:02 507375     /var/lib/openhab2/cache/org.eclipse.osgi/225/0/bundleFile
64a15000-64a18000 ---p 00000000 00:00 0 
64a18000-64a65000 rw-p 00000000 00:00 0 
64a65000-64c00000 r--p 00000000 b3:02 2588       /usr/lib/locale/locale-archive
64c00000-64d00000 rw-p 00000000 00:00 0 
64d00000-64de2000 rw-p 00000000 00:00 0 
64de2000-64e00000 ---p 00000000 00:00 0 
64e00000-64f00000 rw-p 00000000 00:00 0 
64f00000-64f01000 r--s 00001000 b3:02 507657     /var/lib/openhab2/cache/org.eclipse.osgi/213/0/bundleFile
64f01000-64f02000 r--s 00000000 b3:02 507088     /var/lib/openhab2/cache/org.eclipse.osgi/175/0/bundleFile
64f02000-64f07000 r--s 00096000 b3:02 381863     /usr/lib/jvm/jdk-8-oracle-arm32-vfp-hflt/jre/lib/jsse.jar
64f07000-64f1d000 r--s 0013d000 b3:02 506668     /usr/share/openhab2/runtime/system/org/eclipse/platform/org.eclipse.osgi/3.12.50/org.eclipse.osgi-3.12.50.jar
64f1d000-64f2b000 r-xp 00000000 b3:02 381943     /usr/lib/jvm/jdk-8-oracle-arm32-vfp-hflt/jre/lib/arm/libnio.so
64f2b000-64f32000 ---p 0000e000 b3:02 381943     /usr/lib/jvm/jdk-8-oracle-arm32-vfp-hflt/jre/lib/arm/libnio.so
64f32000-64f33000 rw-p 0000d000 b3:02 381943     /usr/lib/jvm/jdk-8-oracle-arm32-vfp-hflt/jre/lib/arm/libnio.so
64f33000-64f46000 r-xp 00000000 b3:02 381937     /usr/lib/jvm/jdk-8-oracle-arm32-vfp-hflt/jre/lib/arm/libnet.so
64f46000-64f4e000 ---p 00013000 b3:02 381937     /usr/lib/jvm/jdk-8-oracle-arm32-vfp-hflt/jre/lib/arm/libnet.so
64f4e000-64f4f000 rw-p 00013000 b3:02 381937     /usr/lib/jvm/jdk-8-oracle-arm32-vfp-hflt/jre/lib/arm/libnet.so
64f4f000-64f52000 ---p 00000000 00:00 0 
64f52000-64f9f000 rw-p 00000000 00:00 0 
64f9f000-64fa2000 ---p 00000000 00:00 0 
64fa2000-64fef000 rw-p 00000000 00:00 0 
64fef000-64ff0000 ---p 00000000 00:00 0 
64ff0000-650be000 rw-p 00000000 00:00 0 
650be000-65296000 r--s 03d20000 b3:02 381902     /usr/lib/jvm/jdk-8-oracle-arm32-vfp-hflt/jre/lib/rt.jar
65296000-65737000 rw-p 00000000 00:00 0 
65737000-6573d000 ---p 00000000 00:00 0 
6573d000-6578b000 rw-p 00000000 00:00 0 
6578b000-657b1000 rw-p 00000000 00:00 0 
657b1000-657ff000 rw-p 00000000 00:00 0 
657ff000-6a540000 rw-p 00000000 00:00 0 
6a540000-74000000 rw-p 00000000 00:00 0 
74001000-74003000 r--s 00001000 b3:02 507671     /var/lib/openhab2/cache/org.eclipse.osgi/222/0/bundleFile
74003000-7400b000 r-xp 00000000 b3:02 381946     /usr/lib/jvm/jdk-8-oracle-arm32-vfp-hflt/jre/lib/arm/libmanagement.so
7400b000-74012000 ---p 00008000 b3:02 381946     /usr/lib/jvm/jdk-8-oracle-arm32-vfp-hflt/jre/lib/arm/libmanagement.so
74012000-74013000 rw-p 00007000 b3:02 381946     /usr/lib/jvm/jdk-8-oracle-arm32-vfp-hflt/jre/lib/arm/libmanagement.so
74013000-7401d000 r--s 0006b000 b3:02 384360     /usr/share/openhab2/runtime/lib/boot/org.osgi.core-6.0.0.jar
7401d000-74038000 rw-p 00000000 00:00 0 
74038000-7409d000 ---p 00000000 00:00 0 
7409d000-7473d000 rwxp 00000000 00:00 0 
7473d000-7609d000 ---p 00000000 00:00 0 
7609d000-760b4000 r-xp 00000000 b3:02 381919     /usr/lib/jvm/jdk-8-oracle-arm32-vfp-hflt/jre/lib/arm/libzip.so
760b4000-760bb000 ---p 00017000 b3:02 381919     /usr/lib/jvm/jdk-8-oracle-arm32-vfp-hflt/jre/lib/arm/libzip.so
760bb000-760bc000 rw-p 00016000 b3:02 381919     /usr/lib/jvm/jdk-8-oracle-arm32-vfp-hflt/jre/lib/arm/libzip.so
760bc000-760c5000 r-xp 00000000 b3:02 8425       /lib/arm-linux-gnueabihf/libnss_files-2.24.so
760c5000-760d4000 ---p 00009000 b3:02 8425       /lib/arm-linux-gnueabihf/libnss_files-2.24.so
760d4000-760d5000 r--p 00008000 b3:02 8425       /lib/arm-linux-gnueabihf/libnss_files-2.24.so
760d5000-760d6000 rw-p 00009000 b3:02 8425       /lib/arm-linux-gnueabihf/libnss_files-2.24.so
760d6000-760dc000 rw-p 00000000 00:00 0 
760dc000-760ed000 r-xp 00000000 b3:02 8422       /lib/arm-linux-gnueabihf/libnsl-2.24.so
760ed000-760fc000 ---p 00011000 b3:02 8422       /lib/arm-linux-gnueabihf/libnsl-2.24.so
760fc000-760fd000 r--p 00010000 b3:02 8422       /lib/arm-linux-gnueabihf/libnsl-2.24.so
760fd000-760fe000 rw-p 00011000 b3:02 8422       /lib/arm-linux-gnueabihf/libnsl-2.24.so
760fe000-76100000 rw-p 00000000 00:00 0 
76100000-761fc000 rw-p 00000000 00:00 0 
761fc000-76200000 ---p 00000000 00:00 0 
76200000-76201000 r--s 00003000 b3:02 506892     /var/lib/openhab2/cache/org.eclipse.osgi/110/0/bundleFile
76201000-76204000 r--s 0001a000 b3:02 381970     /usr/lib/jvm/jdk-8-oracle-arm32-vfp-hflt/jre/lib/jce.jar
76204000-76207000 r--s 00022000 b3:02 384359     /usr/share/openhab2/runtime/lib/boot/org.apache.karaf.main-4.1.5.jar
76207000-76210000 r-xp 00000000 b3:02 8427       /lib/arm-linux-gnueabihf/libnss_nis-2.24.so
76210000-7621f000 ---p 00009000 b3:02 8427       /lib/arm-linux-gnueabihf/libnss_nis-2.24.so
7621f000-76220000 r--p 00008000 b3:02 8427       /lib/arm-linux-gnueabihf/libnss_nis-2.24.so
76220000-76221000 rw-p 00009000 b3:02 8427       /lib/arm-linux-gnueabihf/libnss_nis-2.24.so
76221000-76227000 r-xp 00000000 b3:02 8423       /lib/arm-linux-gnueabihf/libnss_compat-2.24.so
76227000-76236000 ---p 00006000 b3:02 8423       /lib/arm-linux-gnueabihf/libnss_compat-2.24.so
76236000-76237000 r--p 00005000 b3:02 8423       /lib/arm-linux-gnueabihf/libnss_compat-2.24.so
76237000-76238000 rw-p 00006000 b3:02 8423       /lib/arm-linux-gnueabihf/libnss_compat-2.24.so
76238000-76240000 rw-s 00000000 b3:02 379723     /tmp/hsperfdata_openhab/459
76240000-76263000 r-xp 00000000 b3:02 381945     /usr/lib/jvm/jdk-8-oracle-arm32-vfp-hflt/jre/lib/arm/libjava.so
76263000-7626b000 ---p 00023000 b3:02 381945     /usr/lib/jvm/jdk-8-oracle-arm32-vfp-hflt/jre/lib/arm/libjava.so
7626b000-7626c000 rw-p 00023000 b3:02 381945     /usr/lib/jvm/jdk-8-oracle-arm32-vfp-hflt/jre/lib/arm/libjava.so
7626c000-76275000 r-xp 00000000 b3:02 381952     /usr/lib/jvm/jdk-8-oracle-arm32-vfp-hflt/jre/lib/arm/libverify.so
76275000-7627d000 ---p 00009000 b3:02 381952     /usr/lib/jvm/jdk-8-oracle-arm32-vfp-hflt/jre/lib/arm/libverify.so
7627d000-7627e000 rw-p 00009000 b3:02 381952     /usr/lib/jvm/jdk-8-oracle-arm32-vfp-hflt/jre/lib/arm/libverify.so
7627e000-76284000 r-xp 00000000 b3:02 8455       /lib/arm-linux-gnueabihf/librt-2.24.so
76284000-76293000 ---p 00006000 b3:02 8455       /lib/arm-linux-gnueabihf/librt-2.24.so
76293000-76294000 r--p 00005000 b3:02 8455       /lib/arm-linux-gnueabihf/librt-2.24.so
76294000-76295000 rw-p 00006000 b3:02 8455       /lib/arm-linux-gnueabihf/librt-2.24.so
76295000-76298000 ---p 00000000 00:00 0 
76298000-762e5000 rw-p 00000000 00:00 0 
762e5000-76352000 r-xp 00000000 b3:02 8420       /lib/arm-linux-gnueabihf/libm-2.24.so
76352000-76362000 ---p 0006d000 b3:02 8420       /lib/arm-linux-gnueabihf/libm-2.24.so
76362000-76363000 r--p 0006d000 b3:02 8420       /lib/arm-linux-gnueabihf/libm-2.24.so
76363000-76364000 rw-p 0006e000 b3:02 8420       /lib/arm-linux-gnueabihf/libm-2.24.so
76364000-768e7000 r-xp 00000000 b3:02 381917     /usr/lib/jvm/jdk-8-oracle-arm32-vfp-hflt/jre/lib/arm/client/libjvm.so
768e7000-768ef000 ---p 00583000 b3:02 381917     /usr/lib/jvm/jdk-8-oracle-arm32-vfp-hflt/jre/lib/arm/client/libjvm.so
768ef000-7691b000 rw-p 00583000 b3:02 381917     /usr/lib/jvm/jdk-8-oracle-arm32-vfp-hflt/jre/lib/arm/client/libjvm.so
7691b000-76d3e000 rw-p 00000000 00:00 0 
76d3e000-76d5a000 r-xp 00000000 b3:02 8651       /lib/arm-linux-gnueabihf/libgcc_s.so.1
76d5a000-76d69000 ---p 0001c000 b3:02 8651       /lib/arm-linux-gnueabihf/libgcc_s.so.1
76d69000-76d6a000 r--p 0001b000 b3:02 8651       /lib/arm-linux-gnueabihf/libgcc_s.so.1
76d6a000-76d6b000 rw-p 0001c000 b3:02 8651       /lib/arm-linux-gnueabihf/libgcc_s.so.1
76d6b000-76e94000 r-xp 00000000 b3:02 8416       /lib/arm-linux-gnueabihf/libc-2.24.so
76e94000-76ea4000 ---p 00129000 b3:02 8416       /lib/arm-linux-gnueabihf/libc-2.24.so
76ea4000-76ea6000 r--p 00129000 b3:02 8416       /lib/arm-linux-gnueabihf/libc-2.24.so
76ea6000-76ea7000 rw-p 0012b000 b3:02 8416       /lib/arm-linux-gnueabihf/libc-2.24.so
76ea7000-76eaa000 rw-p 00000000 00:00 0 
76eaa000-76eac000 r-xp 00000000 b3:02 8419       /lib/arm-linux-gnueabihf/libdl-2.24.so
76eac000-76ebb000 ---p 00002000 b3:02 8419       /lib/arm-linux-gnueabihf/libdl-2.24.so
76ebb000-76ebc000 r--p 00001000 b3:02 8419       /lib/arm-linux-gnueabihf/libdl-2.24.so
76ebc000-76ebd000 rw-p 00002000 b3:02 8419       /lib/arm-linux-gnueabihf/libdl-2.24.so
76ebd000-76ed1000 r-xp 00000000 b3:02 381949     /usr/lib/jvm/jdk-8-oracle-arm32-vfp-hflt/jre/lib/arm/jli/libjli.so
76ed1000-76ed9000 ---p 00014000 b3:02 381949     /usr/lib/jvm/jdk-8-oracle-arm32-vfp-hflt/jre/lib/arm/jli/libjli.so
76ed9000-76eda000 rw-p 00014000 b3:02 381949     /usr/lib/jvm/jdk-8-oracle-arm32-vfp-hflt/jre/lib/arm/jli/libjli.so
76eda000-76ef0000 r-xp 00000000 b3:02 8453       /lib/arm-linux-gnueabihf/libpthread-2.24.so
76ef0000-76eff000 ---p 00016000 b3:02 8453       /lib/arm-linux-gnueabihf/libpthread-2.24.so
76eff000-76f00000 r--p 00015000 b3:02 8453       /lib/arm-linux-gnueabihf/libpthread-2.24.so
76f00000-76f01000 rw-p 00016000 b3:02 8453       /lib/arm-linux-gnueabihf/libpthread-2.24.so
76f01000-76f03000 rw-p 00000000 00:00 0 
76f03000-76f08000 r-xp 00000000 b3:02 10548      /usr/lib/arm-linux-gnueabihf/libarmmem.so
76f08000-76f17000 ---p 00005000 b3:02 10548      /usr/lib/arm-linux-gnueabihf/libarmmem.so
76f17000-76f18000 r--p 00004000 b3:02 10548      /usr/lib/arm-linux-gnueabihf/libarmmem.so
76f18000-76f19000 rw-p 00005000 b3:02 10548      /usr/lib/arm-linux-gnueabihf/libarmmem.so
76f19000-76f3a000 r-xp 00000000 b3:02 8412       /lib/arm-linux-gnueabihf/ld-2.24.so
76f3a000-76f3c000 r--s 00003000 b3:02 505872     /var/lib/openhab2/cache/org.eclipse.osgi/1/0/bundleFile
76f3c000-76f3e000 rw-p 00000000 00:00 0 
76f3e000-76f3f000 r--s 00009000 b3:02 381959     /usr/lib/jvm/jdk-8-oracle-arm32-vfp-hflt/jre/lib/ext/sunec.jar
76f3f000-76f40000 r--p 00000000 b3:02 13387      /usr/share/locale/en_GB/LC_MESSAGES/libc.mo
76f40000-76f42000 r--s 00003000 b3:02 384363     /usr/share/openhab2/runtime/lib/boot/org.apache.karaf.jaas.boot-4.1.5.jar
76f42000-76f44000 r--s 00006000 b3:02 384362     /usr/share/openhab2/runtime/lib/boot/org.apache.karaf.diagnostic.boot-4.1.5.jar
76f44000-76f45000 r--s 00002000 b3:02 384366     /usr/share/openhab2/runtime/lib/endorsed/org.apache.karaf.exception-4.1.5.jar
76f45000-76f46000 ---p 00000000 00:00 0 
76f46000-76f49000 rw-p 00000000 00:00 0 
76f49000-76f4a000 r--p 00020000 b3:02 8412       /lib/arm-linux-gnueabihf/ld-2.24.so
76f4a000-76f4b000 rw-p 00021000 b3:02 8412       /lib/arm-linux-gnueabihf/ld-2.24.so
7e8d9000-7e8fa000 rw-p 00000000 00:00 0          [stack]
7eb91000-7eb92000 r-xp 00000000 00:00 0          [sigpage]
7eb92000-7eb93000 r--p 00000000 00:00 0          [vvar]
7eb93000-7eb94000 r-xp 00000000 00:00 0          [vdso]
ffff0000-ffff1000 r-xp 00000000 00:00 0          [vectors]

VM Arguments:
jvm_args: -Dopenhab.home=/usr/share/openhab2 -Dopenhab.conf=/etc/openhab2 -Dopenhab.runtime=/usr/share/openhab2/runtime -Dopenhab.userdata=/var/lib/openhab2 -Dopenhab.logdir=/var/log/openhab2 -Dfelix.cm.dir=/var/lib/openhab2/config -Djetty.host=0.0.0.0 -Djetty.http.compliance=RFC2616 -Dorg.ops4j.pax.web.listening.addresses=0.0.0.0 -Dorg.osgi.service.http.port=8080 -Dorg.osgi.service.http.port.secure=8443 -Djava.awt.headless=true -Djava.endorsed.dirs=/usr/lib/jvm/jdk-8-oracle-arm32-vfp-hflt/jre/jre/lib/endorsed:/usr/lib/jvm/jdk-8-oracle-arm32-vfp-hflt/jre/lib/endorsed:/usr/share/openhab2/runtime/lib/endorsed -Djava.ext.dirs=/usr/lib/jvm/jdk-8-oracle-arm32-vfp-hflt/jre/jre/lib/ext:/usr/lib/jvm/jdk-8-oracle-arm32-vfp-hflt/jre/lib/ext:/usr/share/openhab2/runtime/lib/ext -Dkaraf.instances=/var/lib/openhab2/tmp/instances -Dkaraf.home=/usr/share/openhab2/runtime -Dkaraf.base=/var/lib/openhab2 -Dkaraf.data=/var/lib/openhab2 -Dkaraf.etc=/var/lib/openhab2/etc -Dkaraf.logs=/var/log/openhab2 -Dkaraf.restart.jvm.supported=true -Djava.io.tmpdir=/var/lib/openhab2/tmp -Djava.util.logging.config.file=/var/lib/openhab2/etc/java.util.logging.properties -Dkaraf.startLocalConsole=false -Dkaraf.startRemoteShell=true 
java_command: org.apache.karaf.main.Main
java_class_path (initial): /usr/share/openhab2/runtime/lib/boot/org.apache.karaf.diagnostic.boot-4.1.5.jar:/usr/share/openhab2/runtime/lib/boot/org.apache.karaf.jaas.boot-4.1.5.jar:/usr/share/openhab2/runtime/lib/boot/org.apache.karaf.main-4.1.5.jar:/usr/share/openhab2/runtime/lib/boot/org.osgi.core-6.0.0.jar
Launcher Type: SUN_STANDARD

Environment Variables:
PATH=/usr/local/sbin:/usr/local/bin:/usr/sbin:/usr/bin:/sbin:/bin
LD_LIBRARY_PATH=:/var/lib/openhab2/lib:/usr/share/openhab2/runtime/lib
SHELL=/bin/false

Signal Handlers:
SIGSEGV: [libjvm.so+0x506638], sa_mask[0]=11111111011111111101111111111110, sa_flags=SA_RESTART|SA_SIGINFO
SIGBUS: [libjvm.so+0x506638], sa_mask[0]=11111111011111111101111111111110, sa_flags=SA_RESTART|SA_SIGINFO
SIGFPE: [libjvm.so+0x3fd4ec], sa_mask[0]=11111111011111111101111111111110, sa_flags=SA_RESTART|SA_SIGINFO
SIGPIPE: [libjvm.so+0x3fd4ec], sa_mask[0]=11111111011111111101111111111110, sa_flags=SA_RESTART|SA_SIGINFO
SIGXFSZ: [libjvm.so+0x3fd4ec], sa_mask[0]=11111111011111111101111111111110, sa_flags=SA_RESTART|SA_SIGINFO
SIGILL: [libjvm.so+0x3fd4ec], sa_mask[0]=11111111011111111101111111111110, sa_flags=SA_RESTART|SA_SIGINFO
SIGUSR1: SIG_DFL, sa_mask[0]=00000000000000000000000000000000, sa_flags=none
SIGUSR2: [libjvm.so+0x3fd650], sa_mask[0]=00000000000000000000000000000000, sa_flags=SA_RESTART|SA_SIGINFO
SIGHUP: [libjvm.so+0x3fda84], sa_mask[0]=11111111011111111101111111111110, sa_flags=SA_RESTART|SA_SIGINFO
SIGINT: [libjvm.so+0x3fda84], sa_mask[0]=11111111011111111101111111111110, sa_flags=SA_RESTART|SA_SIGINFO
SIGTERM: [libjvm.so+0x3fda84], sa_mask[0]=11111111011111111101111111111110, sa_flags=SA_RESTART|SA_SIGINFO
SIGQUIT: [libjvm.so+0x3fda84], sa_mask[0]=11111111011111111101111111111110, sa_flags=SA_RESTART|SA_SIGINFO


---------------  S Y S T E M  ---------------

OS:PRETTY_NAME="Raspbian GNU/Linux 9 (stretch)"
NAME="Raspbian GNU/Linux"
VERSION_ID="9"
VERSION="9 (stretch)"
ID=raspbian
ID_LIKE=debian
HOME_URL="http://www.raspbian.org/"
SUPPORT_URL="http://www.raspbian.org/RaspbianForums"
BUG_REPORT_URL="http://www.raspbian.org/RaspbianBugs"

uname:Linux 4.14.34-v7+ #1110 SMP Mon Apr 16 15:18:51 BST 2018 armv7l
libc:glibc 2.24 NPTL 2.24 
rlimit: STACK 8192k, CORE 0k, NPROC 7345, NOFILE 102642, AS infinity
load average:17.21 17.71 12.00

/proc/meminfo:
MemTotal:         949452 kB
MemFree:           28464 kB
MemAvailable:      17756 kB
Buffers:            1392 kB
Cached:            34748 kB
SwapCached:          124 kB
Active:           443872 kB
Inactive:         437216 kB
Active(anon):     441576 kB
Inactive(anon):   419960 kB
Active(file):       2296 kB
Inactive(file):    17256 kB
Unevictable:           0 kB
Mlocked:               0 kB
SwapTotal:        102396 kB
SwapFree:           2912 kB
Dirty:                16 kB
Writeback:             0 kB
AnonPages:        844884 kB
Mapped:            13284 kB
Shmem:             16500 kB
Slab:              22104 kB
SReclaimable:       8180 kB
SUnreclaim:        13924 kB
KernelStack:        2744 kB
PageTables:         4020 kB
NFS_Unstable:          0 kB
Bounce:                0 kB
WritebackTmp:          0 kB
CommitLimit:      577120 kB
Committed_AS:    1415436 kB
VmallocTotal:    1114112 kB
VmallocUsed:           0 kB
VmallocChunk:          0 kB
CmaTotal:           8192 kB
CmaFree:             724 kB


CPU:total 4 (ARMv7), vfp

/proc/cpuinfo:
processor	: 0
model name	: ARMv7 Processor rev 4 (v7l)
BogoMIPS	: 76.80
Features	: half thumb fastmult vfp edsp neon vfpv3 tls vfpv4 idiva idivt vfpd32 lpae evtstrm crc32 
CPU implementer	: 0x41
CPU architecture: 7
CPU variant	: 0x0
CPU part	: 0xd03
CPU revision	: 4

processor	: 1
model name	: ARMv7 Processor rev 4 (v7l)
BogoMIPS	: 76.80
Features	: half thumb fastmult vfp edsp neon vfpv3 tls vfpv4 idiva idivt vfpd32 lpae evtstrm crc32 
CPU implementer	: 0x41
CPU architecture: 7
CPU variant	: 0x0
CPU part	: 0xd03
CPU revision	: 4

processor	: 2
model name	: ARMv7 Processor rev 4 (v7l)
BogoMIPS	: 76.80
Features	: half thumb fastmult vfp edsp neon vfpv3 tls vfpv4 idiva idivt vfpd32 lpae evtstrm crc32 
CPU implementer	: 0x41
CPU architecture: 7
CPU variant	: 0x0
CPU part	: 0xd03
CPU revision	: 4

processor	: 3
model name	: ARMv7 Processor rev 4 (v7l)
BogoMIPS	: 76.80
Features	: half thumb fastmult vfp edsp neon vfpv3 tls vfpv4 idiva idivt vfpd32 lpae evtstrm crc32 
CPU implementer	: 0x41
CPU architecture: 7
CPU variant	: 0x0
CPU part	: 0xd03
CPU revision	: 4

Hardware	: BCM2835
Revision	: a02082
Serial		: 00000000f380d812


Memory: 4k page, physical 949452k(28464k free), swap 102396k(2912k free)

vm_info: Java HotSpot(TM) Client VM (25.65-b01) for linux-arm-vfp-hflt JRE (1.8.0_65-b17), built on Oct  6 2015 16:19:04 by "java_re" with gcc 4.7.2 20120910 (prerelease)

time: Sat Jun  9 14:23:00 2018
elapsed time: 61506 seconds (0d 17h 5m 6s)

